#
# There is insufficient memory for the Java Runtime Environment to continue.
# Native memory allocation (mmap) failed to map 65536 bytes. Error detail: Failed to commit metaspace.
# Possible reasons:
#   The system is out of physical RAM or swap space
#   This process is running with CompressedOops enabled, and the Java Heap may be blocking the growth of the native heap
# Possible solutions:
#   Reduce memory load on the system
#   Increase physical memory or swap space
#   Check if swap backing store is full
#   Decrease Java heap size (-Xmx/-Xms)
#   Decrease number of Java threads
#   Decrease Java thread stack sizes (-Xss)
#   Set larger code cache with -XX:ReservedCodeCacheSize=
#   JVM is running with Unscaled Compressed Oops mode in which the Java heap is
#     placed in the first 4GB address space. The Java Heap base address is the
#     maximum limit for the native heap growth. Please use -XX:HeapBaseMinAddress
#     to set the Java Heap base and to place the Java Heap above 4GB virtual address.
# This output file may be truncated or incomplete.
#
#  Out of Memory Error (virtualSpaceNode.cpp:110), pid=24540, tid=26028
#
# JRE version: OpenJDK Runtime Environment Corretto-17.0.14.7.1 (17.0.14+7) (build 17.0.14+7-LTS)
# Java VM: OpenJDK 64-Bit Server VM Corretto-17.0.14.7.1 (17.0.14+7-LTS, mixed mode, emulated-client, sharing, tiered, compressed oops, compressed class ptrs, g1 gc, windows-amd64)
# No core dump will be written. Minidumps are not enabled by default on client versions of Windows
#

---------------  S U M M A R Y ------------

Command Line: -XX:TieredStopAtLevel=1 -Dspring.output.ansi.enabled=always -Dcom.sun.management.jmxremote -Dspring.jmx.enabled=true -Dspring.liveBeansView.mbeanDomain -Dspring.application.admin.enabled=true -Dmanagement.endpoints.jmx.exposure.include=* -javaagent:C:\Program Files\JetBrains\IntelliJ IDEA 2025.1\lib\idea_rt.jar=51301 -Dfile.encoding=UTF-8 com.ecommerce.msauth.MsAuthApplication

Host: AMD Ryzen 7 3700U with Radeon Vega Mobile Gfx  , 8 cores, 5G,  Windows 11 , 64 bit Build 22621 (10.0.22621.5413)
Time: Fri Jul 11 18:21:59 2025 SA Pacific Standard Time elapsed time: 1.589906 seconds (0d 0h 0m 1s)

---------------  T H R E A D  ---------------

Current thread (0x0000018443247b30):  JavaThread "main" [_thread_in_vm, id=26028, stack(0x0000005234400000,0x0000005234500000)]

Stack: [0x0000005234400000,0x0000005234500000]
Native frames: (J=compiled Java code, j=interpreted, Vv=VM code, C=native code)
V  [jvm.dll+0x681069]
V  [jvm.dll+0x838cca]
V  [jvm.dll+0x83a78e]
V  [jvm.dll+0x83adf3]
V  [jvm.dll+0x24826f]
V  [jvm.dll+0x83497d]
V  [jvm.dll+0x62531e]
V  [jvm.dll+0x1c1d4b]
V  [jvm.dll+0x627cad]
V  [jvm.dll+0x625cc6]
V  [jvm.dll+0x23c5ff]
V  [jvm.dll+0x62fbf5]
V  [jvm.dll+0x1ebdbb]
V  [jvm.dll+0x1ec2f5]
V  [jvm.dll+0x1ecdb5]
V  [jvm.dll+0x1e21a1]
V  [jvm.dll+0x54527e]
V  [jvm.dll+0x7b2ab8]
V  [jvm.dll+0x7b2ba4]
V  [jvm.dll+0x411ea9]
V  [jvm.dll+0x418079]
C  [java.dll+0x17ec]

Java frames: (J=compiled Java code, j=interpreted, Vv=VM code)
J 1077  java.lang.ClassLoader.defineClass1(Ljava/lang/ClassLoader;Ljava/lang/String;[BIILjava/security/ProtectionDomain;Ljava/lang/String;)Ljava/lang/Class; java.base@17.0.14 (0 bytes) @ 0x000001844c85b5e3 [0x000001844c85b520+0x00000000000000c3]
J 1207 c1 java.lang.ClassLoader.defineClass(Ljava/lang/String;[BIILjava/security/ProtectionDomain;)Ljava/lang/Class; java.base@17.0.14 (43 bytes) @ 0x000001844c891ddc [0x000001844c891ce0+0x00000000000000fc]
J 1208 c1 jdk.internal.loader.BuiltinClassLoader.defineClass(Ljava/lang/String;Ljdk/internal/loader/Resource;)Ljava/lang/Class; java.base@17.0.14 (121 bytes) @ 0x000001844c8947e4 [0x000001844c894320+0x00000000000004c4]
j  jdk.internal.loader.BuiltinClassLoader.findClassOnClassPathOrNull(Ljava/lang/String;)Ljava/lang/Class;+37 java.base@17.0.14
J 1023 c1 jdk.internal.loader.BuiltinClassLoader.loadClassOrNull(Ljava/lang/String;Z)Ljava/lang/Class; java.base@17.0.14 (143 bytes) @ 0x000001844c83f2dc [0x000001844c83ee80+0x000000000000045c]
J 1107 c1 jdk.internal.loader.ClassLoaders$AppClassLoader.loadClass(Ljava/lang/String;Z)Ljava/lang/Class; java.base@17.0.14 (40 bytes) @ 0x000001844c869324 [0x000001844c8691e0+0x0000000000000144]
J 1095 c1 java.lang.ClassLoader.loadClass(Ljava/lang/String;)Ljava/lang/Class; java.base@17.0.14 (7 bytes) @ 0x000001844c864a64 [0x000001844c864a20+0x0000000000000044]
v  ~StubRoutines::call_stub
j  org.springframework.boot.autoconfigure.BackgroundPreinitializer.onApplicationEvent(Lorg/springframework/boot/context/event/SpringApplicationEvent;)V+6
j  org.springframework.boot.autoconfigure.BackgroundPreinitializer.onApplicationEvent(Lorg/springframework/context/ApplicationEvent;)V+5
j  org.springframework.context.event.SimpleApplicationEventMulticaster.doInvokeListener(Lorg/springframework/context/ApplicationListener;Lorg/springframework/context/ApplicationEvent;)V+2
j  org.springframework.context.event.SimpleApplicationEventMulticaster.invokeListener(Lorg/springframework/context/ApplicationListener;Lorg/springframework/context/ApplicationEvent;)V+34
j  org.springframework.context.event.SimpleApplicationEventMulticaster.multicastEvent(Lorg/springframework/context/ApplicationEvent;Lorg/springframework/core/ResolvableType;)V+104
j  org.springframework.context.event.SimpleApplicationEventMulticaster.multicastEvent(Lorg/springframework/context/ApplicationEvent;)V+3
j  org.springframework.boot.context.event.EventPublishingRunListener.multicastInitialEvent(Lorg/springframework/context/ApplicationEvent;)V+9
j  org.springframework.boot.context.event.EventPublishingRunListener.starting(Lorg/springframework/boot/ConfigurableBootstrapContext;)V+17
j  org.springframework.boot.SpringApplicationRunListeners.lambda$starting$0(Lorg/springframework/boot/ConfigurableBootstrapContext;Lorg/springframework/boot/SpringApplicationRunListener;)V+2
j  org.springframework.boot.SpringApplicationRunListeners$$Lambda$152+0x0000018401106ad0.accept(Ljava/lang/Object;)V+8
j  java.lang.Iterable.forEach(Ljava/util/function/Consumer;)V+30 java.base@17.0.14
j  org.springframework.boot.SpringApplicationRunListeners.doWithListeners(Ljava/lang/String;Ljava/util/function/Consumer;Ljava/util/function/Consumer;)V+17
j  org.springframework.boot.SpringApplicationRunListeners.starting(Lorg/springframework/boot/ConfigurableBootstrapContext;Ljava/lang/Class;)V+15
j  org.springframework.boot.SpringApplication.run([Ljava/lang/String;)Lorg/springframework/context/ConfigurableApplicationContext;+43
j  org.springframework.boot.SpringApplication.run([Ljava/lang/Class;[Ljava/lang/String;)Lorg/springframework/context/ConfigurableApplicationContext;+9
j  org.springframework.boot.SpringApplication.run(Ljava/lang/Class;[Ljava/lang/String;)Lorg/springframework/context/ConfigurableApplicationContext;+9
j  com.ecommerce.msauth.MsAuthApplication.main([Ljava/lang/String;)V+3
v  ~StubRoutines::call_stub

Compiled method (n/a)    1612 1077     n 0       java.lang.ClassLoader::defineClass1 (native)
 total in heap  [0x000001844c85b390,0x000001844c85b870] = 1248
 relocation     [0x000001844c85b4e8,0x000001844c85b520] = 56
 main code      [0x000001844c85b520,0x000001844c85b870] = 848

[Constant Pool (empty)]

[MachCode]
[Entry Point]
  # {method} {0x0000018400010f28} 'defineClass1' '(Ljava/lang/ClassLoader;Ljava/lang/String;[BIILjava/security/ProtectionDomain;Ljava/lang/String;)Ljava/lang/Class;' in 'java/lang/ClassLoader'
  # parm0:    rdx:rdx   = 'java/lang/ClassLoader'
  # parm1:    r8:r8     = 'java/lang/String'
  # parm2:    r9:r9     = '[B'
  # parm3:    rdi       = int
  # parm4:    rsi       = int
  # parm5:    rcx:rcx   = 'java/security/ProtectionDomain'
  # parm6:    [sp+0xa0]   = 'java/lang/String'  (sp of caller)
  0x000001844c85b520: 448b 5208 | 49bb 0000 | 0000 8401 | 0000 4d03 | d349 3bc2 | 0f84 0600 

  0x000001844c85b538: ;   {runtime_call ic_miss_stub}
  0x000001844c85b538: 0000 e941 | 5bd3 ff90 
[Verified Entry Point]
  0x000001844c85b540: 8984 2400 | 90ff ff55 | 488b ec48 | 81ec 9000 | 0000 4881 | 7d10 0000 | 0000 488d | 4510 480f 
  0x000001844c85b560: 4445 1048 | 8944 2440 | 4889 4c24 | 7048 83f9 | 0048 8d44 | 2470 480f | 4444 2470 | 4889 4424 
  0x000001844c85b580: 3848 8974 | 2430 4889 | 7c24 284c | 894c 2458 | 4983 f900 | 488d 4424 | 5848 0f44 | 4424 5848 
  0x000001844c85b5a0: 8944 2420 | 4c89 4424 | 5049 83f8 | 004c 8d4c | 2450 4c0f | 444c 2450 | 4889 5424 | 4848 83fa 
  0x000001844c85b5c0: 004c 8d44 | 2448 4c0f | 4444 2448 

  0x000001844c85b5cc: ;   {oop(a 'java/lang/Class'{0x00000000a5ee4f50} = 'java/lang/ClassLoader')}
  0x000001844c85b5cc: 49be 504f | eea5 0000 | 0000 4c89 | 7424 784c | 8d74 2478 | 498b d6c5 

  0x000001844c85b5e4: ;   {internal_word}
  0x000001844c85b5e4: f877 49ba | e3b5 854c | 8401 0000 | 4d89 97a0 | 0200 0049 | 89a7 9802 

  0x000001844c85b5fc: ;   {external_word}
  0x000001844c85b5fc: 0000 49ba | 49d6 4949 | f87f 0000 | 4180 3a00 | 0f84 5200 | 0000 5241 

  0x000001844c85b614: ;   {metadata({method} {0x0000018400010f28} 'defineClass1' '(Ljava/lang/ClassLoader;Ljava/lang/String;[BIILjava/security/ProtectionDomain;Ljava/lang/String;)Ljava/lang/Class;' in 'java/lang/ClassLoader')}
  0x000001844c85b614: 5041 5148 | ba20 0f01 | 0084 0100 | 0049 8bcf | 4883 ec20 | f7c4 0f00 | 0000 0f84 | 1a00 0000 
  0x000001844c85b634: 4883 ec08 

  0x000001844c85b638: ;   {runtime_call}
  0x000001844c85b638: 49ba a064 | ff48 f87f | 0000 41ff | d248 83c4 | 08e9 0d00 

  0x000001844c85b64c: ;   {runtime_call}
  0x000001844c85b64c: 0000 49ba | a064 ff48 | f87f 0000 | 41ff d248 | 83c4 2041 | 5941 585a | 498d 8fb8 | 0200 0041 
  0x000001844c85b66c: c787 4803 | 0000 0400 

  0x000001844c85b674: ;   {runtime_call}
  0x000001844c85b674: 0000 49ba | ac16 418a | f87f 0000 | 41ff d2c5 | f877 41c7 | 8748 0300 | 0005 0000 | 00f0 8344 
  0x000001844c85b694: 24c0 0049 | 3baf 5003 | 0000 0f87 | 1100 0000 | 4181 bf38 | 0300 0000 | 0000 000f | 842c 0000 
  0x000001844c85b6b4: 00c5 f877 | 4889 45f8 | 498b cf4c | 8be4 4883 | ec20 4883 

  0x000001844c85b6c8: ;   {runtime_call}
  0x000001844c85b6c8: e4f0 49ba | 2084 0f49 | f87f 0000 | 41ff d249 | 8be4 4d33 | e448 8b45 | f841 c787 | 4803 0000 
  0x000001844c85b6e8: 0800 0000 | 4181 bfb8 | 0300 0002 | 0000 000f | 843f 0100 

  0x000001844c85b6fc: ;   {external_word}
  0x000001844c85b6fc: 0049 ba49 | d649 49f8 | 7f00 0041 | 803a 000f | 8450 0000 | 0048 8945 

  0x000001844c85b714: ;   {metadata({method} {0x0000018400010f28} 'defineClass1' '(Ljava/lang/ClassLoader;Ljava/lang/String;[BIILjava/security/ProtectionDomain;Ljava/lang/String;)Ljava/lang/Class;' in 'java/lang/ClassLoader')}
  0x000001844c85b714: f848 ba20 | 0f01 0084 | 0100 0049 | 8bcf 4883 | ec20 f7c4 | 0f00 0000 | 0f84 1a00 | 0000 4883 
  0x000001844c85b734: ;   {runtime_call}
  0x000001844c85b734: ec08 49ba | a064 ff48 | f87f 0000 | 41ff d248 | 83c4 08e9 | 0d00 0000 

  0x000001844c85b74c: ;   {runtime_call}
  0x000001844c85b74c: 49ba a064 | ff48 f87f | 0000 41ff | d248 83c4 | 2048 8b45 | f849 c787 | 9802 0000 | 0000 0000 
  0x000001844c85b76c: 49c7 87a0 | 0200 0000 | 0000 00c5 | f877 4885 | c00f 8493 | 0000 0048 | f7c0 0100 | 0000 0f84 
  0x000001844c85b78c: 8300 0000 | 488b 40ff | 4180 7f38 | 000f 846f | 0000 0048 | 83f8 000f | 8465 0000 | 0049 8b4f 
  0x000001844c85b7ac: 2048 83f9 | 000f 8414 | 0000 0048 | 83e9 0849 | 894f 2049 | 034f 3048 | 8901 e943 | 0000 0050 
  0x000001844c85b7cc: 498b d748 | 8bc8 4883 | ec20 f7c4 | 0f00 0000 | 0f84 1a00 | 0000 4883 

  0x000001844c85b7e4: ;   {runtime_call}
  0x000001844c85b7e4: ec08 49ba | 1058 be48 | f87f 0000 | 41ff d248 | 83c4 08e9 | 0d00 0000 

  0x000001844c85b7fc: ;   {runtime_call}
  0x000001844c85b7fc: 49ba 1058 | be48 f87f | 0000 41ff | d248 83c4 | 2058 e903 | 0000 0048 | 8b00 498b | 8fd8 0000 
  0x000001844c85b81c: 00c7 8100 | 0100 0000 | 0000 00c9 | 4981 7f08 | 0000 0000 | 0f85 0100 

  0x000001844c85b834: ;   {runtime_call StubRoutines (1)}
  0x000001844c85b834: 0000 c3e9 | c456 ceff | c5f8 7748 | 8945 f84c | 8be4 4883 | ec20 4883 

  0x000001844c85b84c: ;   {runtime_call}
  0x000001844c85b84c: e4f0 49ba | 2095 ff48 | f87f 0000 | 41ff d249 | 8be4 4d33 | e448 8b45 | f8e9 93fe | ffff f4f4 
  0x000001844c85b86c: f4f4 f4f4 
[/MachCode]


Compiled method (c1)    1628 1207       1       java.lang.ClassLoader::defineClass (43 bytes)
 total in heap  [0x000001844c891b10,0x000001844c8920b0] = 1440
 relocation     [0x000001844c891c68,0x000001844c891cc8] = 96
 main code      [0x000001844c891ce0,0x000001844c891e80] = 416
 stub code      [0x000001844c891e80,0x000001844c891ef8] = 120
 metadata       [0x000001844c891ef8,0x000001844c891f28] = 48
 scopes data    [0x000001844c891f28,0x000001844c891fe0] = 184
 scopes pcs     [0x000001844c891fe0,0x000001844c892080] = 160
 dependencies   [0x000001844c892080,0x000001844c892088] = 8
 nul chk table  [0x000001844c892088,0x000001844c8920b0] = 40

[Constant Pool (empty)]

[MachCode]
[Entry Point]
  # {method} {0x0000018400010cc0} 'defineClass' '(Ljava/lang/String;[BIILjava/security/ProtectionDomain;)Ljava/lang/Class;' in 'java/lang/ClassLoader'
  # this:     rdx:rdx   = 'java/lang/ClassLoader'
  # parm0:    r8:r8     = 'java/lang/String'
  # parm1:    r9:r9     = '[B'
  # parm2:    rdi       = int
  # parm3:    rsi       = int
  # parm4:    rcx:rcx   = 'java/security/ProtectionDomain'
  #           [sp+0xc0]  (sp of caller)
  0x000001844c891ce0: 448b 5208 | 49bb 0000 | 0000 8401 | 0000 4d03 | d34c 3bd0 

  0x000001844c891cf4: ;   {runtime_call ic_miss_stub}
  0x000001844c891cf4: 0f85 86f3 | cfff 660f | 1f44 0000 
[Verified Entry Point]
  0x000001844c891d00: 8984 2400 | 90ff ff55 | 4881 ecb0 | 0000 0048 | 8954 2478 | 89b4 2494 | 0000 0089 | bc24 9000 
  0x000001844c891d20: 0000 4c89 | 8c24 8800 | 0000 498b | d84c 8bc3 | 4c8b c948 | 8bca 488b | d148 899c | 2480 0000 
  0x000001844c891d40: 0066 0f1f 

  0x000001844c891d44: ;   {optimized virtual_call}
  0x000001844c891d44: 4400 00e8 

  0x000001844c891d48: ; ImmutableOopMap {[120]=Oop [136]=Oop [128]=Oop }
                      ;*invokevirtual preDefineClass {reexecute=0 rethrow=0 return_oop=0}
                      ; - java.lang.ClassLoader::defineClass@4 (line 1015)
  0x000001844c891d48: 74dd ffff | 4889 8424 | 9800 0000 

  0x000001844c891d54: ; implicit exception: dispatches to 0x000001844c891e1a
  0x000001844c891d54: 448b 4010 | 4983 f800 | 0f85 0f00 

  0x000001844c891d60: ;   {oop(NULL)}
  0x000001844c891d60: 0000 48bb | 0000 0000 | 0000 0000 | e936 0000 | 0045 8b40 | 0c49 83f8 | 000f 850f 

  0x000001844c891d7c: ;   {oop(NULL)}
  0x000001844c891d7c: 0000 0048 | bb00 0000 | 0000 0000 | 00e9 1900 | 0000 418b | 5038 483b 

  0x000001844c891d94: ;   {optimized virtual_call}
  0x000001844c891d94: 0266 90e8 

  0x000001844c891d98: ; ImmutableOopMap {[120]=Oop [136]=Oop [128]=Oop [152]=Oop }
                      ;*invokevirtual toExternalForm {reexecute=0 rethrow=0 return_oop=0}
                      ; - java.net.URL::toExternalForm@5 (line 1039)
                      ; - java.net.URL::toString@1 (line 1025)
                      ; - java.lang.ClassLoader::defineClassSourceLocation@22 (line 917)
                      ; - java.lang.ClassLoader::defineClass@12 (line 1016)
  0x000001844c891d98: 8412 feff | 488b d848 | 8b84 2498 | 0000 008b | b424 9400 | 0000 8bbc | 2490 0000 | 004c 8b8c 
  0x000001844c891db8: 2488 0000 | 004c 8b84 | 2480 0000 | 0048 8b54 | 2478 4c8b | da49 8bd3 | 488b c848 

  0x000001844c891dd4: ;   {static_call}
  0x000001844c891dd4: 891c 24e8 

  0x000001844c891dd8: ; ImmutableOopMap {[152]=Oop [120]=Oop }
                      ;*invokestatic defineClass1 {reexecute=0 rethrow=0 return_oop=0}
                      ; - java.lang.ClassLoader::defineClass@27 (line 1017)
  0x000001844c891dd8: 6497 fcff | 4c8b c04c | 8b8c 2498 | 0000 0048 | 8b54 2478 | 4889 8424 | a000 0000 

  0x000001844c891df4: ;   {optimized virtual_call}
  0x000001844c891df4: 6666 90e8 

  0x000001844c891df8: ; ImmutableOopMap {[160]=Oop }
                      ;*invokevirtual postDefineClass {reexecute=0 rethrow=0 return_oop=0}
                      ; - java.lang.ClassLoader::defineClass@37 (line 1018)
  0x000001844c891df8: b900 0000 | 488b 8424 | a000 0000 | 4881 c4b0 | 0000 005d 

  0x000001844c891e0c: ;   {poll_return}
  0x000001844c891e0c: 493b a750 | 0300 000f | 8715 0000 

  0x000001844c891e18: ;   {runtime_call throw_null_pointer_exception Runtime1 stub}
  0x000001844c891e18: 00c3 e801 

  0x000001844c891e1c: ; ImmutableOopMap {[120]=Oop [136]=Oop [128]=Oop rax=Oop [152]=Oop }
                      ;*invokevirtual getCodeSource {reexecute=0 rethrow=0 return_oop=0}
                      ; - java.lang.ClassLoader::defineClassSourceLocation@1 (line 914)
                      ; - java.lang.ClassLoader::defineClass@12 (line 1016)
                      ;   {runtime_call throw_null_pointer_exception Runtime1 stub}
  0x000001844c891e1c: 01da ffe8 

  0x000001844c891e20: ; ImmutableOopMap {[120]=Oop [136]=Oop [128]=Oop rax=Oop [152]=Oop }
                      ;*invokevirtual getLocation {reexecute=0 rethrow=0 return_oop=0}
                      ; - java.lang.ClassLoader::defineClassSourceLocation@12 (line 916)
                      ; - java.lang.ClassLoader::defineClass@12 (line 1016)
  0x000001844c891e20: fc00 daff 

  0x000001844c891e24: ;   {runtime_call throw_null_pointer_exception Runtime1 stub}
  0x000001844c891e24: e8f7 00da 

  0x000001844c891e28: ; ImmutableOopMap {[120]=Oop [136]=Oop [128]=Oop [152]=Oop r8=Oop }
                      ;*invokevirtual toString {reexecute=0 rethrow=0 return_oop=0}
                      ; - java.lang.ClassLoader::defineClassSourceLocation@22 (line 917)
                      ; - java.lang.ClassLoader::defineClass@12 (line 1016)
                      ;   {runtime_call throw_null_pointer_exception Runtime1 stub}
  0x000001844c891e28: ffe8 f200 

  0x000001844c891e2c: ; ImmutableOopMap {[120]=Oop [136]=Oop [128]=Oop [152]=Oop r8=Oop rdx=Oop }
                      ;*invokevirtual toExternalForm {reexecute=0 rethrow=0 return_oop=0}
                      ; - java.net.URL::toExternalForm@5 (line 1039)
                      ; - java.net.URL::toString@1 (line 1025)
                      ; - java.lang.ClassLoader::defineClassSourceLocation@22 (line 917)
                      ; - java.lang.ClassLoader::defineClass@12 (line 1016)
                      ;   {internal_word}
  0x000001844c891e2c: daff 49ba | 0c1e 894c | 8401 0000 | 4d89 9768 

  0x000001844c891e3c: ;   {runtime_call SafepointBlob}
  0x000001844c891e3c: 0300 00e9 | bc5b d0ff | 9090 498b | 87e0 0300 | 0049 c787 | e003 0000 | 0000 0000 | 49c7 87e8 
  0x000001844c891e5c: 0300 0000 | 0000 0048 | 81c4 b000 

  0x000001844c891e68: ;   {runtime_call unwind_exception Runtime1 stub}
  0x000001844c891e68: 0000 5de9 | 90f1 d9ff | f4f4 f4f4 | f4f4 f4f4 | f4f4 f4f4 | f4f4 f4f4 
[Stub Code]
  0x000001844c891e80: ;   {no_reloc}
  0x000001844c891e80: 0f1f 4400 

  0x000001844c891e84: ;   {static_stub}
  0x000001844c891e84: 0048 bb00 | 0000 0000 

  0x000001844c891e8c: ;   {runtime_call}
  0x000001844c891e8c: 0000 00e9 | fbff ffff 

  0x000001844c891e94: ;   {static_stub}
  0x000001844c891e94: 9048 bb00 | 0000 0000 

  0x000001844c891e9c: ;   {runtime_call}
  0x000001844c891e9c: 0000 00e9 | fbff ffff 

  0x000001844c891ea4: ;   {static_stub}
  0x000001844c891ea4: 9048 bb00 | 0000 0000 

  0x000001844c891eac: ;   {runtime_call}
  0x000001844c891eac: 0000 00e9 | fbff ffff 

  0x000001844c891eb4: ;   {static_stub}
  0x000001844c891eb4: 9048 bb88 | 0f01 0084 

  0x000001844c891ebc: ;   {runtime_call I2C/C2I adapters}
  0x000001844c891ebc: 0100 00e9 | 1dbb cfff 
[Exception Handler]
  0x000001844c891ec4: ;   {runtime_call handle_exception_from_callee Runtime1 stub}
  0x000001844c891ec4: e837 24da 

  0x000001844c891ec8: ;   {external_word}
  0x000001844c891ec8: ff48 b950 | ea23 49f8 | 7f00 0048 

  0x000001844c891ed4: ;   {runtime_call}
  0x000001844c891ed4: 83e4 f049 | ba20 58ec | 48f8 7f00 | 0041 ffd2 

  0x000001844c891ee4: ;   {section_word}
  0x000001844c891ee4: f449 bae5 | 1e89 4c84 | 0100 0041 

  0x000001844c891ef0: ;   {runtime_call DeoptimizationBlob}
  0x000001844c891ef0: 52e9 aa4d | d0ff f4f4 
[/MachCode]


Compiled method (c1)    1639 1208       1       jdk.internal.loader.BuiltinClassLoader::defineClass (121 bytes)
 total in heap  [0x000001844c894090,0x000001844c894f08] = 3704
 relocation     [0x000001844c8941e8,0x000001844c894318] = 304
 main code      [0x000001844c894320,0x000001844c894940] = 1568
 stub code      [0x000001844c894940,0x000001844c894a88] = 328
 metadata       [0x000001844c894a88,0x000001844c894ad0] = 72
 scopes data    [0x000001844c894ad0,0x000001844c894d28] = 600
 scopes pcs     [0x000001844c894d28,0x000001844c894ec8] = 416
 dependencies   [0x000001844c894ec8,0x000001844c894ed0] = 8
 handler table  [0x000001844c894ed0,0x000001844c894ee8] = 24
 nul chk table  [0x000001844c894ee8,0x000001844c894f08] = 32

[Constant Pool (empty)]

[MachCode]
[Entry Point]
  # {method} {0x0000018400436328} 'defineClass' '(Ljava/lang/String;Ljdk/internal/loader/Resource;)Ljava/lang/Class;' in 'jdk/internal/loader/BuiltinClassLoader'
  # this:     rdx:rdx   = 'jdk/internal/loader/BuiltinClassLoader'
  # parm0:    r8:r8     = 'java/lang/String'
  # parm1:    r9:r9     = 'jdk/internal/loader/Resource'
  #           [sp+0x110]  (sp of caller)
  0x000001844c894320: 448b 5208 | 49bb 0000 | 0000 8401 | 0000 4d03 | d34c 3bd0 

  0x000001844c894334: ;   {runtime_call ic_miss_stub}
  0x000001844c894334: 0f85 46cd | cfff 660f | 1f44 0000 
[Verified Entry Point]
  0x000001844c894340: 8984 2400 | 90ff ff55 | 4881 ec00 | 0100 0048 | 8994 24a0 | 0000 004c | 8984 2490 | 0000 004c 
  0x000001844c894360: 898c 2498 | 0000 0049 | 8bd1 6666 | 9048 b840 | 7119 0084 

  0x000001844c894374: ;   {virtual_call}
  0x000001844c894374: 0100 00e8 

  0x000001844c894378: ; ImmutableOopMap {[152]=Oop [160]=Oop [144]=Oop }
                      ;*invokevirtual getCodeSourceURL {reexecute=0 rethrow=0 return_oop=0}
                      ; - jdk.internal.loader.BuiltinClassLoader::defineClass@1 (line 842)
  0x000001844c894378: a4fb ffff | 4889 8424 | a800 0000 | 4c8b 8424 | 9000 0000 

  0x000001844c89438c: ; implicit exception: dispatches to 0x000001844c894843
  0x000001844c89438c: 418b 7014 

  0x000001844c894390: ; implicit exception: dispatches to 0x000001844c894848
  0x000001844c894390: 8b56 0c45 | 0fbe 4810 | 498b c9c1 | e118 c1f9 | 18d3 fa48 | 8bfa ffcf | 4183 f900 | ba00 0000 
  0x000001844c8943b0: 000f 8505 | 0000 00ba | 0100 0000 | 83e2 0183 | fa00 488b | d641 b82e | 0000 004c | 8bcf 0f84 
  0x000001844c8943d0: 0d00 0000 

  0x000001844c8943d4: ;   {static_call}
  0x000001844c8943d4: 6666 90e8 

  0x000001844c8943d8: ; ImmutableOopMap {[152]=Oop [160]=Oop [168]=Oop [144]=Oop }
                      ;*invokestatic lastIndexOf {reexecute=0 rethrow=0 return_oop=0}
                      ; - java.lang.String::lastIndexOf@13 (line 2489)
                      ; - java.lang.String::lastIndexOf@8 (line 2451)
                      ; - jdk.internal.loader.BuiltinClassLoader::defineClass@8 (line 845)
  0x000001844c8943d8: 444a e7ff | e90b 0000 | 0066 0f1f 

  0x000001844c8943e4: ;   {static_call}
  0x000001844c8943e4: 4400 00e8 

  0x000001844c8943e8: ; ImmutableOopMap {[152]=Oop [160]=Oop [168]=Oop [144]=Oop }
                      ;*invokestatic lastIndexOf {reexecute=0 rethrow=0 return_oop=0}
                      ; - java.lang.String::lastIndexOf@25 (line 2490)
                      ; - java.lang.String::lastIndexOf@8 (line 2451)
                      ; - jdk.internal.loader.BuiltinClassLoader::defineClass@8 (line 845)
  0x000001844c8943e8: 94d5 cfff | 83f8 ff0f | 8467 0000 | 0041 b800 | 0000 004c | 8bc8 488b | 9424 9000 

  0x000001844c894404: ;   {optimized virtual_call}
  0x000001844c894404: 0000 90e8 

  0x000001844c894408: ; ImmutableOopMap {[152]=Oop [160]=Oop [168]=Oop [144]=Oop }
                      ;*invokevirtual substring {reexecute=0 rethrow=0 return_oop=0}
                      ; - jdk.internal.loader.BuiltinClassLoader::defineClass@23 (line 847)
  0x000001844c894408: f4c0 e6ff | 488b 9424 | 9800 0000 | 4889 8424 | b000 0000 | 9048 b840 | 7119 0084 

  0x000001844c894424: ;   {virtual_call}
  0x000001844c894424: 0100 00e8 

  0x000001844c894428: ; ImmutableOopMap {[152]=Oop [160]=Oop [168]=Oop [144]=Oop [176]=Oop }
                      ;*invokevirtual getManifest {reexecute=0 rethrow=0 return_oop=0}
                      ; - jdk.internal.loader.BuiltinClassLoader::defineClass@29 (line 848)
  0x000001844c894428: 5428 0000 | 4c8b 8424 | b000 0000 | 4c8b c848 | 8bbc 24a8 | 0000 0048 | 8b94 24a0 | 0000 0066 
  0x000001844c894448: 0f1f 4400 | 0048 b8b0 | 28c3 5684 

  0x000001844c894454: ;   {virtual_call}
  0x000001844c894454: 0100 00e8 

  0x000001844c894458: ; ImmutableOopMap {[152]=Oop [160]=Oop [168]=Oop [144]=Oop }
                      ;*invokevirtual defineOrCheckPackage {reexecute=0 rethrow=0 return_oop=0}
                      ; - jdk.internal.loader.BuiltinClassLoader::defineClass@40 (line 849)
  0x000001844c894458: 5438 cfff | 4c8b 8c24 | 9800 0000 | 488d 9424 | e000 0000 | 4c89 4a08 | 498b 0148 | 83c8 0148 
  0x000001844c894478: 8902 f049 | 0fb1 110f | 8413 0000 | 0048 2bc4 | 4881 e007 | f0ff ff48 | 8902 0f85 | b503 0000 
  0x000001844c894498: 418b 510c | 4883 fa00 | 0f85 4700 | 0000 498b | d10f 1f40 | 0048 b840 | 23c3 5684 

  0x000001844c8944b4: ;   {virtual_call}
  0x000001844c8944b4: 0100 00e8 

  0x000001844c8944b8: ; ImmutableOopMap {[160]=Oop [168]=Oop [144]=Oop [152]=Oop [232]=Oop }
                      ;*invokevirtual getInputStream {reexecute=0 rethrow=0 return_oop=0}
                      ; - jdk.internal.loader.Resource::cachedInputStream@9 (line 77)
                      ; - jdk.internal.loader.Resource::getByteBuffer@1 (line 163)
                      ; - jdk.internal.loader.BuiltinClassLoader::defineClass@45 (line 853)
  0x000001844c8944b8: 6818 d0ff | 410f be57 | 3883 fa00 | 4c8b 8c24 | 9800 0000 | 0f85 8e03 | 0000 4c8b | d045 8951 
  0x000001844c8944d8: 0c49 8bd1 | 4833 d048 | c1ea 1448 | 83fa 000f | 858f 0300 | 0041 8b51 | 0c48 8d84 | 24e0 0000 
  0x000001844c8944f8: 0048 8b30 | 4885 f60f | 840f 0000 | 0048 8b78 | 08f0 480f | b137 0f85 | 8003 0000 | 4883 fa00 
  0x000001844c894518: 0f84 4400 

  0x000001844c89451c: ;   {metadata('sun/nio/ByteBuffered')}
  0x000001844c89451c: 0000 48b8 | 68ce 0d00 | 8401 0000 | 8b5a 0849 | ba00 0000 | 0084 0100 | 0049 03da | 483b 4320 
  0x000001844c89453c: 0f84 2500 | 0000 483b | d80f 841c | 0000 0053 

  0x000001844c89454c: ;   {runtime_call slow_subtype_check Runtime1 stub}
  0x000001844c89454c: 50e8 ae09 | daff 5b5b | 83fb 000f | 8405 0000 | 00e9 0500 | 0000 4833 | f6eb 0a48 | be01 0000 
  0x000001844c89456c: 0000 0000 | 0083 fe00 | 0f84 6700 | 0000 4883 | fa00 0f84 | 4400 0000 

  0x000001844c894584: ;   {metadata('sun/nio/ByteBuffered')}
  0x000001844c894584: 48bb 68ce | 0d00 8401 | 0000 8b7a | 0849 ba00 | 0000 0084 | 0100 0049 | 03fa 483b | 5f20 0f84 
  0x000001844c8945a4: 2000 0000 | 483b fb0f | 8417 0000 

  0x000001844c8945b0: ;   {runtime_call slow_subtype_check Runtime1 stub}
  0x000001844c8945b0: 0057 53e8 | 4809 daff | 5f5f 83ff | 000f 84e7 | 0200 00e9 | 0000 0000 | 0f1f 4400 | 0048 b8ff 
  0x000001844c8945d0: ffff ffff 

  0x000001844c8945d4: ;   {virtual_call}
  0x000001844c8945d4: ffff ffe8 

  0x000001844c8945d8: ; ImmutableOopMap {[160]=Oop [168]=Oop [144]=Oop [152]=Oop }
                      ;*invokeinterface getByteBuffer {reexecute=0 rethrow=0 return_oop=0}
                      ; - jdk.internal.loader.Resource::getByteBuffer@16 (line 165)
                      ; - jdk.internal.loader.BuiltinClassLoader::defineClass@45 (line 853)
  0x000001844c8945d8: a4d0 cfff | e90a 0000 

  0x000001844c8945e0: ;   {oop(NULL)}
  0x000001844c8945e0: 0048 b800 | 0000 0000 | 0000 0048 | 83f8 000f | 84e5 0000 | 0048 8984 | 24b8 0000 | 0048 8b94 
  0x000001844c894600: 2498 0000 | 0048 b8ff | ffff ffff 

  0x000001844c89460c: ;   {virtual_call}
  0x000001844c89460c: ffff ffe8 

  0x000001844c894610: ; ImmutableOopMap {[160]=Oop [168]=Oop [144]=Oop [184]=Oop }
                      ;*invokevirtual getCodeSigners {reexecute=0 rethrow=0 return_oop=0}
                      ; - jdk.internal.loader.BuiltinClassLoader::defineClass@56 (line 855)
  0x000001844c894610: 6cd0 cfff 

  0x000001844c894614: ;   {metadata('java/security/CodeSource')}
  0x000001844c894614: 4c8b c848 | bab0 ee00 | 0084 0100 | 0049 8b87 | 0801 0000 | 488d 7828 | 493b bf18 | 0100 000f 
  0x000001844c894634: 877a 0200 | 0049 89bf | 0801 0000 | 48c7 0001 | 0000 0048 | 8bca 49ba | 0000 0000 | 8401 0000 
  0x000001844c894654: 492b ca89 | 4808 4833 | c989 480c | 4833 c948 | 8948 1048 | 8948 1848 | 8948 204c | 8b84 24a8 
  0x000001844c894674: 0000 0048 | 8bd0 4889 | 8424 c000 | 0000 0f1f 

  0x000001844c894684: ;   {optimized virtual_call}
  0x000001844c894684: 4400 00e8 

  0x000001844c894688: ; ImmutableOopMap {[160]=Oop [144]=Oop [184]=Oop [192]=Oop }
                      ;*invokespecial <init> {reexecute=0 rethrow=0 return_oop=0}
                      ; - jdk.internal.loader.BuiltinClassLoader::defineClass@68 (line 856)
  0x000001844c894688: f4cc cfff | 4c8b 8424 | c000 0000 | 488b 9424 | a000 0000 

  0x000001844c89469c: ;   {optimized virtual_call}
  0x000001844c89469c: 6666 90e8 

  0x000001844c8946a0: ; ImmutableOopMap {[160]=Oop [144]=Oop [184]=Oop }
                      ;*invokevirtual getProtectionDomain {reexecute=0 rethrow=0 return_oop=0}
                      ; - java.security.SecureClassLoader::defineClass@5 (line 182)
                      ; - jdk.internal.loader.BuiltinClassLoader::defineClass@79 (line 857)
  0x000001844c8946a0: dccc cfff | 4c8b 8424 | 9000 0000 | 4c8b 8c24 | b800 0000 | 488b f848 | 8b94 24a0 

  0x000001844c8946bc: ;   {optimized virtual_call}
  0x000001844c8946bc: 0000 00e8 

  0x000001844c8946c0: ; ImmutableOopMap {}
                      ;*invokevirtual defineClass {reexecute=0 rethrow=0 return_oop=0}
                      ; - java.security.SecureClassLoader::defineClass@8 (line 182)
                      ; - jdk.internal.loader.BuiltinClassLoader::defineClass@79 (line 857)
  0x000001844c8946c0: bccc cfff | 4881 c400 | 0100 005d 

  0x000001844c8946cc: ;   {poll_return}
  0x000001844c8946cc: 493b a750 | 0300 000f | 87e7 0100 | 00c3 4c8b | 8c24 9800 | 0000 498b | d148 b870 | 23c3 5684 
  0x000001844c8946ec: ;   {virtual_call}
  0x000001844c8946ec: 0100 00e8 

  0x000001844c8946f0: ; ImmutableOopMap {[160]=Oop [144]=Oop [152]=Oop [168]=Oop }
                      ;*invokevirtual getBytes {reexecute=0 rethrow=0 return_oop=0}
                      ; - jdk.internal.loader.BuiltinClassLoader::defineClass@84 (line 859)
  0x000001844c8946f0: 3016 d0ff | 4889 8424 | c800 0000 | 488b 9424 | 9800 0000 | 9048 b800 | 2dc3 5684 

  0x000001844c89470c: ;   {virtual_call}
  0x000001844c89470c: 0100 00e8 

  0x000001844c894710: ; ImmutableOopMap {[160]=Oop [144]=Oop [168]=Oop [200]=Oop }
                      ;*invokevirtual getCodeSigners {reexecute=0 rethrow=0 return_oop=0}
                      ; - jdk.internal.loader.BuiltinClassLoader::defineClass@90 (line 860)
  0x000001844c894710: 1016 d0ff 

  0x000001844c894714: ;   {metadata('java/security/CodeSource')}
  0x000001844c894714: 4c8b c848 | bab0 ee00 | 0084 0100 | 0049 8b87 | 0801 0000 | 488d 7828 | 493b bf18 | 0100 000f 
  0x000001844c894734: 879d 0100 | 0049 89bf | 0801 0000 | 48c7 0001 | 0000 0048 | 8bca 49ba | 0000 0000 | 8401 0000 
  0x000001844c894754: 492b ca89 | 4808 4833 | c989 480c | 4833 c948 | 8948 1048 | 8948 1848 | 8948 204c | 8b84 24a8 
  0x000001844c894774: 0000 0048 | 8bd0 4889 | 8424 d000 | 0000 0f1f 

  0x000001844c894784: ;   {optimized virtual_call}
  0x000001844c894784: 4400 00e8 

  0x000001844c894788: ; ImmutableOopMap {[160]=Oop [144]=Oop [200]=Oop [208]=Oop }
                      ;*invokespecial <init> {reexecute=0 rethrow=0 return_oop=0}
                      ; - jdk.internal.loader.BuiltinClassLoader::defineClass@102 (line 861)
  0x000001844c894788: 74cf ffff | 488b 8424 | c800 0000 

  0x000001844c894794: ; implicit exception: dispatches to 0x000001844c8948e3
  0x000001844c894794: 8b70 0c4c | 8b84 24d0 | 0000 0048 | 8b94 24a0 | 0000 0089 | b424 d800 

  0x000001844c8947ac: ;   {optimized virtual_call}
  0x000001844c8947ac: 0000 90e8 

  0x000001844c8947b0: ; ImmutableOopMap {[160]=Oop [144]=Oop [200]=Oop }
                      ;*invokevirtual getProtectionDomain {reexecute=0 rethrow=0 return_oop=0}
                      ; - java.security.SecureClassLoader::defineClass@9 (line 150)
                      ; - jdk.internal.loader.BuiltinClassLoader::defineClass@117 (line 862)
  0x000001844c8947b0: ac98 ffff | 4c8b 8424 | 9000 0000 | 4c8b 8c24 | c800 0000 | bf00 0000 | 008b b424 | d800 0000 
  0x000001844c8947d0: 488b c848 | 8b94 24a0 | 0000 000f 

  0x000001844c8947dc: ;   {optimized virtual_call}
  0x000001844c8947dc: 1f40 00e8 

  0x000001844c8947e0: ; ImmutableOopMap {}
                      ;*invokevirtual defineClass {reexecute=0 rethrow=0 return_oop=0}
                      ; - java.security.SecureClassLoader::defineClass@12 (line 150)
                      ; - jdk.internal.loader.BuiltinClassLoader::defineClass@117 (line 862)
  0x000001844c8947e0: 1cd5 ffff | 4881 c400 | 0100 005d 

  0x000001844c8947ec: ;   {poll_return}
  0x000001844c8947ec: 493b a750 | 0300 000f | 87ef 0000 | 00c3 498b | 87e0 0300 | 004d 33d2 | 4d89 97e0 | 0300 004d 
  0x000001844c89480c: 33d2 4d89 | 97e8 0300 | 0048 8bf0 | 488d 8424 | e000 0000 | 488b 3848 | 85ff 0f84 | 0f00 0000 
  0x000001844c89482c: 488b 5808 | f048 0fb1 | 3b0f 85c3 | 0000 0048 | 8bc6 e9f0 

  0x000001844c894840: ;   {runtime_call throw_null_pointer_exception Runtime1 stub}
  0x000001844c894840: 0000 00e8 

  0x000001844c894844: ; ImmutableOopMap {[152]=Oop [160]=Oop rax=Oop [168]=Oop r8=Oop [144]=Oop }
                      ;*invokevirtual lastIndexOf {reexecute=0 rethrow=0 return_oop=0}
                      ; - jdk.internal.loader.BuiltinClassLoader::defineClass@8 (line 845)
  0x000001844c894844: d8d6 d9ff 

  0x000001844c894848: ;   {runtime_call throw_null_pointer_exception Runtime1 stub}
  0x000001844c894848: e8d3 d6d9 

  0x000001844c89484c: ; ImmutableOopMap {[152]=Oop [160]=Oop rax=Oop [168]=Oop r8=Oop [144]=Oop rsi=Oop }
                      ;*arraylength {reexecute=0 rethrow=0 return_oop=0}
                      ; - java.lang.String::length@4 (line 1481)
                      ; - java.lang.String::lastIndexOf@3 (line 2451)
                      ; - jdk.internal.loader.BuiltinClassLoader::defineClass@8 (line 845)
  0x000001844c89484c: ff4c 894c | 2408 4889 

  0x000001844c894854: ;   {runtime_call monitorenter_nofpu Runtime1 stub}
  0x000001844c894854: 1424 e8a5 

  0x000001844c894858: ; ImmutableOopMap {[160]=Oop [168]=Oop [144]=Oop r9=Oop [152]=Oop [232]=Oop }
                      ;*synchronization entry
                      ; - jdk.internal.loader.Resource::cachedInputStream@-1 (line 76)
                      ; - jdk.internal.loader.Resource::getByteBuffer@1 (line 163)
                      ; - jdk.internal.loader.BuiltinClassLoader::defineClass@45 (line 853)
  0x000001844c894858: 0cda ffe9 | 38fc ffff | 418b 510c | 4883 fa00 | 0f84 64fc | ffff 4889 

  0x000001844c894870: ;   {runtime_call g1_pre_barrier_slow}
  0x000001844c894870: 1424 e889 | 33da ffe9 | 56fc ffff | 4883 f800 | 0f84 67fc | ffff 4c89 

  0x000001844c894888: ;   {runtime_call g1_post_barrier_slow}
  0x000001844c894888: 0c24 e871 | 36da ffe9 | 59fc ffff | 488d 8424 | e000 0000 | 4889 0424 

  0x000001844c8948a0: ;   {runtime_call monitorexit_nofpu Runtime1 stub}
  0x000001844c8948a0: e85b 12da | ffe9 6afc | ffff 4889 

  0x000001844c8948ac: ;   {runtime_call throw_class_cast_exception Runtime1 stub}
  0x000001844c8948ac: 1424 e86d 

  0x000001844c8948b0: ; ImmutableOopMap {[160]=Oop [168]=Oop [144]=Oop [152]=Oop }
                      ;*checkcast {reexecute=0 rethrow=0 return_oop=0}
                      ; - jdk.internal.loader.Resource::getByteBuffer@13 (line 165)
                      ; - jdk.internal.loader.BuiltinClassLoader::defineClass@45 (line 853)
  0x000001844c8948b0: 00da ff48 

  0x000001844c8948b4: ;   {runtime_call fast_new_instance Runtime1 stub}
  0x000001844c8948b4: 8bd2 e845 

  0x000001844c8948b8: ; ImmutableOopMap {[160]=Oop [168]=Oop [144]=Oop [184]=Oop r9=Oop }
                      ;*new {reexecute=0 rethrow=0 return_oop=0}
                      ; - jdk.internal.loader.BuiltinClassLoader::defineClass@61 (line 856)
  0x000001844c8948b8: dfd9 ffe9 | affd ffff 

  0x000001844c8948c0: ;   {internal_word}
  0x000001844c8948c0: 49ba cc46 | 894c 8401 | 0000 4d89 | 9768 0300 

  0x000001844c8948d0: ;   {runtime_call SafepointBlob}
  0x000001844c8948d0: 00e9 2a31 | d0ff 488b 

  0x000001844c8948d8: ;   {runtime_call fast_new_instance Runtime1 stub}
  0x000001844c8948d8: d2e8 22df 

  0x000001844c8948dc: ; ImmutableOopMap {[160]=Oop [144]=Oop [168]=Oop [200]=Oop r9=Oop }
                      ;*new {reexecute=0 rethrow=0 return_oop=0}
                      ; - jdk.internal.loader.BuiltinClassLoader::defineClass@95 (line 861)
  0x000001844c8948dc: d9ff e98c 

  0x000001844c8948e0: ;   {runtime_call throw_null_pointer_exception Runtime1 stub}
  0x000001844c8948e0: feff ffe8 

  0x000001844c8948e4: ; ImmutableOopMap {[160]=Oop [144]=Oop [208]=Oop rax=Oop [200]=Oop }
                      ;*arraylength {reexecute=0 rethrow=0 return_oop=0}
                      ; - jdk.internal.loader.BuiltinClassLoader::defineClass@114 (line 862)
  0x000001844c8948e4: 38d6 d9ff 

  0x000001844c8948e8: ;   {internal_word}
  0x000001844c8948e8: 49ba ec47 | 894c 8401 | 0000 4d89 | 9768 0300 

  0x000001844c8948f8: ;   {runtime_call SafepointBlob}
  0x000001844c8948f8: 00e9 0231 | d0ff 488d | 8424 e000 | 0000 4889 

  0x000001844c894908: ;   {runtime_call monitorexit_nofpu Runtime1 stub}
  0x000001844c894908: 0424 e8f1 | 11da ffe9 | 27ff ffff | 9090 498b | 87e0 0300 | 0049 c787 | e003 0000 | 0000 0000 
  0x000001844c894928: 49c7 87e8 | 0300 0000 | 0000 0048 | 81c4 0001 

  0x000001844c894938: ;   {runtime_call unwind_exception Runtime1 stub}
  0x000001844c894938: 0000 5de9 | c0c6 d9ff 
[Stub Code]
  0x000001844c894940: ;   {no_reloc}
  0x000001844c894940: 0f1f 4400 

  0x000001844c894944: ;   {static_stub}
  0x000001844c894944: 0048 bb00 | 0000 0000 

  0x000001844c89494c: ;   {runtime_call}
  0x000001844c89494c: 0000 00e9 | fbff ffff 

  0x000001844c894954: ;   {static_stub}
  0x000001844c894954: 9048 bb00 | 0000 0000 

  0x000001844c89495c: ;   {runtime_call}
  0x000001844c89495c: 0000 00e9 | fbff ffff 

  0x000001844c894964: ;   {static_stub}
  0x000001844c894964: 9048 bb00 | 0000 0000 

  0x000001844c89496c: ;   {runtime_call}
  0x000001844c89496c: 0000 00e9 | fbff ffff 

  0x000001844c894974: ;   {static_stub}
  0x000001844c894974: 9048 bb00 | 0000 0000 

  0x000001844c89497c: ;   {runtime_call}
  0x000001844c89497c: 0000 00e9 | fbff ffff 

  0x000001844c894984: ;   {static_stub}
  0x000001844c894984: 9048 bb00 | 0000 0000 

  0x000001844c89498c: ;   {runtime_call}
  0x000001844c89498c: 0000 00e9 | fbff ffff 

  0x000001844c894994: ;   {static_stub}
  0x000001844c894994: 9048 bb00 | 0000 0000 

  0x000001844c89499c: ;   {runtime_call}
  0x000001844c89499c: 0000 00e9 | fbff ffff 

  0x000001844c8949a4: ;   {static_stub}
  0x000001844c8949a4: 9048 bb00 | 0000 0000 

  0x000001844c8949ac: ;   {runtime_call}
  0x000001844c8949ac: 0000 00e9 | fbff ffff 

  0x000001844c8949b4: ;   {static_stub}
  0x000001844c8949b4: 9048 bb00 | 0000 0000 

  0x000001844c8949bc: ;   {runtime_call}
  0x000001844c8949bc: 0000 00e9 | fbff ffff 

  0x000001844c8949c4: ;   {static_stub}
  0x000001844c8949c4: 9048 bb00 | 0000 0000 

  0x000001844c8949cc: ;   {runtime_call}
  0x000001844c8949cc: 0000 00e9 | fbff ffff 

  0x000001844c8949d4: ;   {static_stub}
  0x000001844c8949d4: 9048 bb00 | 0000 0000 

  0x000001844c8949dc: ;   {runtime_call}
  0x000001844c8949dc: 0000 00e9 | fbff ffff 

  0x000001844c8949e4: ;   {static_stub}
  0x000001844c8949e4: 9048 bb00 | 0000 0000 

  0x000001844c8949ec: ;   {runtime_call}
  0x000001844c8949ec: 0000 00e9 | fbff ffff 

  0x000001844c8949f4: ;   {static_stub}
  0x000001844c8949f4: 9048 bb00 | 0000 0000 

  0x000001844c8949fc: ;   {runtime_call}
  0x000001844c8949fc: 0000 00e9 | fbff ffff 

  0x000001844c894a04: ;   {static_stub}
  0x000001844c894a04: 9048 bb00 | 0000 0000 

  0x000001844c894a0c: ;   {runtime_call}
  0x000001844c894a0c: 0000 00e9 | fbff ffff 

  0x000001844c894a14: ;   {static_stub}
  0x000001844c894a14: 9048 bb00 | 0000 0000 

  0x000001844c894a1c: ;   {runtime_call}
  0x000001844c894a1c: 0000 00e9 | fbff ffff 

  0x000001844c894a24: ;   {static_stub}
  0x000001844c894a24: 9048 bb00 | 0000 0000 

  0x000001844c894a2c: ;   {runtime_call}
  0x000001844c894a2c: 0000 00e9 | fbff ffff 

  0x000001844c894a34: ;   {static_stub}
  0x000001844c894a34: 9048 bb00 | 0000 0000 

  0x000001844c894a3c: ;   {runtime_call}
  0x000001844c894a3c: 0000 00e9 | fbff ffff 

  0x000001844c894a44: ;   {static_stub}
  0x000001844c894a44: 9048 bb00 | 0000 0000 

  0x000001844c894a4c: ;   {runtime_call}
  0x000001844c894a4c: 0000 00e9 | fbff ffff 
[Exception Handler]
  0x000001844c894a54: ;   {runtime_call handle_exception_from_callee Runtime1 stub}
  0x000001844c894a54: e8a7 f8d9 

  0x000001844c894a58: ;   {external_word}
  0x000001844c894a58: ff48 b950 | ea23 49f8 | 7f00 0048 

  0x000001844c894a64: ;   {runtime_call}
  0x000001844c894a64: 83e4 f049 | ba20 58ec | 48f8 7f00 | 0041 ffd2 

  0x000001844c894a74: ;   {section_word}
  0x000001844c894a74: f449 ba75 | 4a89 4c84 | 0100 0041 

  0x000001844c894a80: ;   {runtime_call DeoptimizationBlob}
  0x000001844c894a80: 52e9 1a22 | d0ff f4f4 
[/MachCode]


---------------  P R O C E S S  ---------------

Threads class SMR info:
_java_thread_list=0x0000018456d36ef0, length=19, elements={
0x0000018443247b30, 0x00000184560f55d0, 0x00000184560f6450, 0x0000018456107270,
0x000001845610a000, 0x000001845610a9c0, 0x000001845610c1b0, 0x000001845610fc40,
0x0000018456110640, 0x000001845631f5d0, 0x00000184563270a0, 0x0000018456321430,
0x0000018456322870, 0x0000018456320500, 0x0000018456320f20, 0x0000018456320a10,
0x000001845631fae0, 0x0000018456322360, 0x0000018456da9020
}

Java Threads: ( => current thread )
=>0x0000018443247b30 JavaThread "main" [_thread_in_vm, id=26028, stack(0x0000005234400000,0x0000005234500000)]
  0x00000184560f55d0 JavaThread "Reference Handler" daemon [_thread_blocked, id=12684, stack(0x0000005234b00000,0x0000005234c00000)]
  0x00000184560f6450 JavaThread "Finalizer" daemon [_thread_blocked, id=13436, stack(0x0000005234c00000,0x0000005234d00000)]
  0x0000018456107270 JavaThread "Signal Dispatcher" daemon [_thread_blocked, id=26120, stack(0x0000005234d00000,0x0000005234e00000)]
  0x000001845610a000 JavaThread "Attach Listener" daemon [_thread_blocked, id=22904, stack(0x0000005234e00000,0x0000005234f00000)]
  0x000001845610a9c0 JavaThread "Service Thread" daemon [_thread_blocked, id=4464, stack(0x0000005234f00000,0x0000005235000000)]
  0x000001845610c1b0 JavaThread "Monitor Deflation Thread" daemon [_thread_blocked, id=17268, stack(0x0000005235000000,0x0000005235100000)]
  0x000001845610fc40 JavaThread "C1 CompilerThread0" daemon [_thread_blocked, id=23456, stack(0x0000005235100000,0x0000005235200000)]
  0x0000018456110640 JavaThread "Sweeper thread" daemon [_thread_blocked, id=12232, stack(0x0000005235200000,0x0000005235300000)]
  0x000001845631f5d0 JavaThread "Common-Cleaner" daemon [_thread_blocked, id=26152, stack(0x0000005235300000,0x0000005235400000)]
  0x00000184563270a0 JavaThread "C1 CompilerThread1" daemon [_thread_blocked, id=18052, stack(0x0000005235400000,0x0000005235500000)]
  0x0000018456321430 JavaThread "Monitor Ctrl-Break" daemon [_thread_in_native, id=26036, stack(0x0000005235500000,0x0000005235600000)]
  0x0000018456322870 JavaThread "Notification Thread" daemon [_thread_blocked, id=23088, stack(0x0000005235600000,0x0000005235700000)]
  0x0000018456320500 JavaThread "RMI TCP Accept-0" daemon [_thread_in_native, id=20344, stack(0x0000005235700000,0x0000005235800000)]
  0x0000018456320f20 JavaThread "RMI TCP Connection(1)-172.16.67.52" daemon [_thread_in_native, id=5536, stack(0x0000005235900000,0x0000005235a00000)]
  0x0000018456320a10 JavaThread "RMI Scheduler(0)" daemon [_thread_blocked, id=9576, stack(0x0000005235a00000,0x0000005235b00000)]
  0x000001845631fae0 JavaThread "JMX server connection timeout 20" daemon [_thread_blocked, id=8016, stack(0x0000005235b00000,0x0000005235c00000)]
  0x0000018456322360 JavaThread "RMI TCP Connection(2)-172.16.67.52" daemon [_thread_in_vm, id=9336, stack(0x0000005236000000,0x0000005236100000)]
  0x0000018456da9020 JavaThread "JMX server connection timeout 22" daemon [_thread_blocked, id=21092, stack(0x0000005236100000,0x0000005236200000)]

Other Threads:
  0x00000184560efb10 VMThread "VM Thread" [stack: 0x0000005234a00000,0x0000005234b00000] [id=26080]
  0x0000018443248bc0 WatcherThread [stack: 0x0000005235800000,0x0000005235900000] [id=7536]
  0x0000018443292b30 GCTaskThread "GC Thread#0" [stack: 0x0000005234500000,0x0000005234600000] [id=1644]
  0x0000018456cdc0b0 GCTaskThread "GC Thread#1" [stack: 0x0000005235c00000,0x0000005235d00000] [id=24348]
  0x0000018456d14130 GCTaskThread "GC Thread#2" [stack: 0x0000005235d00000,0x0000005235e00000] [id=16060]
  0x0000018456d16e30 GCTaskThread "GC Thread#3" [stack: 0x0000005235e00000,0x0000005235f00000] [id=26592]
  0x000001844329f7c0 ConcurrentGCThread "G1 Main Marker" [stack: 0x0000005234600000,0x0000005234700000] [id=23224]
  0x00000184432a01e0 ConcurrentGCThread "G1 Conc#0" [stack: 0x0000005234700000,0x0000005234800000] [id=26404]
  0x0000018455fb20c0 ConcurrentGCThread "G1 Refine#0" [stack: 0x0000005234800000,0x0000005234900000] [id=24776]
  0x0000018456c2b280 ConcurrentGCThread "G1 Refine#1" [stack: 0x0000005235f00000,0x0000005236000000] [id=14896]
  0x0000018455fb2af0 ConcurrentGCThread "G1 Service" [stack: 0x0000005234900000,0x0000005234a00000] [id=20972]

Threads with active compile tasks:

VM state: not at safepoint (normal execution)

VM Mutex/Monitor currently owned by a thread:  ([mutex/lock_event])
[0x0000018443241c30] Metaspace_lock - owner thread: 0x0000018443247b30

Heap address: 0x00000000a1600000, size: 1514 MB, Compressed Oops mode: 32-bit

CDS archive(s) mapped at: [0x0000018400000000-0x0000018400bb0000-0x0000018400bb0000), size 12255232, SharedBaseAddress: 0x0000018400000000, ArchiveRelocationMode: 1.
Compressed class space mapped at: 0x0000018401000000-0x0000018441000000, reserved size: 1073741824
Narrow klass base: 0x0000018400000000, Narrow klass shift: 0, Narrow klass range: 0x100000000

GC Precious Log:
 CPUs: 8 total, 8 available
 Memory: 6055M
 Large Page Support: Disabled
 NUMA Support: Disabled
 Compressed Oops: Enabled (32-bit)
 Heap Region Size: 1M
 Heap Min Capacity: 8M
 Heap Initial Capacity: 96M
 Heap Max Capacity: 1514M
 Pre-touch: Disabled
 Parallel Workers: 8
 Concurrent Workers: 2
 Concurrent Refinement Workers: 8
 Periodic GC: Disabled

Heap:
 garbage-first heap   total 98304K, used 8800K [0x00000000a1600000, 0x0000000100000000)
  region size 1024K, 5 young (5120K), 3 survivors (3072K)
 Metaspace       used 7837K, committed 8064K, reserved 1114112K
  class space    used 996K, committed 1152K, reserved 1048576K

Heap Regions: E=young(eden), S=young(survivor), O=old, HS=humongous(starts), HC=humongous(continues), CS=collection set, F=free, OA=open archive, CA=closed archive, TAMS=top-at-mark-start (previous, next)
|   0|0x00000000a1600000, 0x00000000a1700000, 0x00000000a1700000|100%|HS|  |TAMS 0x00000000a1600000, 0x00000000a1600000| Complete 
|   1|0x00000000a1700000, 0x00000000a1800000, 0x00000000a1800000|100%| O|  |TAMS 0x00000000a1700000, 0x00000000a1700000| Untracked 
|   2|0x00000000a1800000, 0x00000000a1900000, 0x00000000a1900000|100%| O|  |TAMS 0x00000000a1800000, 0x00000000a1800000| Untracked 
|   3|0x00000000a1900000, 0x00000000a1a00000, 0x00000000a1a00000|100%| O|  |TAMS 0x00000000a1900000, 0x00000000a1900000| Untracked 
|   4|0x00000000a1a00000, 0x00000000a1a98000, 0x00000000a1b00000| 59%| O|  |TAMS 0x00000000a1a00000, 0x00000000a1a00000| Untracked 
|   5|0x00000000a1b00000, 0x00000000a1b00000, 0x00000000a1c00000|  0%| F|  |TAMS 0x00000000a1b00000, 0x00000000a1b00000| Untracked 
|   6|0x00000000a1c00000, 0x00000000a1c00000, 0x00000000a1d00000|  0%| F|  |TAMS 0x00000000a1c00000, 0x00000000a1c00000| Untracked 
|   7|0x00000000a1d00000, 0x00000000a1d00000, 0x00000000a1e00000|  0%| F|  |TAMS 0x00000000a1d00000, 0x00000000a1d00000| Untracked 
|   8|0x00000000a1e00000, 0x00000000a1e00000, 0x00000000a1f00000|  0%| F|  |TAMS 0x00000000a1e00000, 0x00000000a1e00000| Untracked 
|   9|0x00000000a1f00000, 0x00000000a1f00000, 0x00000000a2000000|  0%| F|  |TAMS 0x00000000a1f00000, 0x00000000a1f00000| Untracked 
|  10|0x00000000a2000000, 0x00000000a2000000, 0x00000000a2100000|  0%| F|  |TAMS 0x00000000a2000000, 0x00000000a2000000| Untracked 
|  11|0x00000000a2100000, 0x00000000a2100000, 0x00000000a2200000|  0%| F|  |TAMS 0x00000000a2100000, 0x00000000a2100000| Untracked 
|  12|0x00000000a2200000, 0x00000000a2200000, 0x00000000a2300000|  0%| F|  |TAMS 0x00000000a2200000, 0x00000000a2200000| Untracked 
|  13|0x00000000a2300000, 0x00000000a2300000, 0x00000000a2400000|  0%| F|  |TAMS 0x00000000a2300000, 0x00000000a2300000| Untracked 
|  14|0x00000000a2400000, 0x00000000a2400000, 0x00000000a2500000|  0%| F|  |TAMS 0x00000000a2400000, 0x00000000a2400000| Untracked 
|  15|0x00000000a2500000, 0x00000000a2500000, 0x00000000a2600000|  0%| F|  |TAMS 0x00000000a2500000, 0x00000000a2500000| Untracked 
|  16|0x00000000a2600000, 0x00000000a2600000, 0x00000000a2700000|  0%| F|  |TAMS 0x00000000a2600000, 0x00000000a2600000| Untracked 
|  17|0x00000000a2700000, 0x00000000a2700000, 0x00000000a2800000|  0%| F|  |TAMS 0x00000000a2700000, 0x00000000a2700000| Untracked 
|  18|0x00000000a2800000, 0x00000000a2800000, 0x00000000a2900000|  0%| F|  |TAMS 0x00000000a2800000, 0x00000000a2800000| Untracked 
|  19|0x00000000a2900000, 0x00000000a2900000, 0x00000000a2a00000|  0%| F|  |TAMS 0x00000000a2900000, 0x00000000a2900000| Untracked 
|  20|0x00000000a2a00000, 0x00000000a2a00000, 0x00000000a2b00000|  0%| F|  |TAMS 0x00000000a2a00000, 0x00000000a2a00000| Untracked 
|  21|0x00000000a2b00000, 0x00000000a2b00000, 0x00000000a2c00000|  0%| F|  |TAMS 0x00000000a2b00000, 0x00000000a2b00000| Untracked 
|  22|0x00000000a2c00000, 0x00000000a2c00000, 0x00000000a2d00000|  0%| F|  |TAMS 0x00000000a2c00000, 0x00000000a2c00000| Untracked 
|  23|0x00000000a2d00000, 0x00000000a2d00000, 0x00000000a2e00000|  0%| F|  |TAMS 0x00000000a2d00000, 0x00000000a2d00000| Untracked 
|  24|0x00000000a2e00000, 0x00000000a2e00000, 0x00000000a2f00000|  0%| F|  |TAMS 0x00000000a2e00000, 0x00000000a2e00000| Untracked 
|  25|0x00000000a2f00000, 0x00000000a2f00000, 0x00000000a3000000|  0%| F|  |TAMS 0x00000000a2f00000, 0x00000000a2f00000| Untracked 
|  26|0x00000000a3000000, 0x00000000a3000000, 0x00000000a3100000|  0%| F|  |TAMS 0x00000000a3000000, 0x00000000a3000000| Untracked 
|  27|0x00000000a3100000, 0x00000000a3100000, 0x00000000a3200000|  0%| F|  |TAMS 0x00000000a3100000, 0x00000000a3100000| Untracked 
|  28|0x00000000a3200000, 0x00000000a3200000, 0x00000000a3300000|  0%| F|  |TAMS 0x00000000a3200000, 0x00000000a3200000| Untracked 
|  29|0x00000000a3300000, 0x00000000a3300000, 0x00000000a3400000|  0%| F|  |TAMS 0x00000000a3300000, 0x00000000a3300000| Untracked 
|  30|0x00000000a3400000, 0x00000000a3400000, 0x00000000a3500000|  0%| F|  |TAMS 0x00000000a3400000, 0x00000000a3400000| Untracked 
|  31|0x00000000a3500000, 0x00000000a3500000, 0x00000000a3600000|  0%| F|  |TAMS 0x00000000a3500000, 0x00000000a3500000| Untracked 
|  32|0x00000000a3600000, 0x00000000a3600000, 0x00000000a3700000|  0%| F|  |TAMS 0x00000000a3600000, 0x00000000a3600000| Untracked 
|  33|0x00000000a3700000, 0x00000000a3700000, 0x00000000a3800000|  0%| F|  |TAMS 0x00000000a3700000, 0x00000000a3700000| Untracked 
|  34|0x00000000a3800000, 0x00000000a3800000, 0x00000000a3900000|  0%| F|  |TAMS 0x00000000a3800000, 0x00000000a3800000| Untracked 
|  35|0x00000000a3900000, 0x00000000a3900000, 0x00000000a3a00000|  0%| F|  |TAMS 0x00000000a3900000, 0x00000000a3900000| Untracked 
|  36|0x00000000a3a00000, 0x00000000a3a00000, 0x00000000a3b00000|  0%| F|  |TAMS 0x00000000a3a00000, 0x00000000a3a00000| Untracked 
|  37|0x00000000a3b00000, 0x00000000a3b00000, 0x00000000a3c00000|  0%| F|  |TAMS 0x00000000a3b00000, 0x00000000a3b00000| Untracked 
|  38|0x00000000a3c00000, 0x00000000a3c00000, 0x00000000a3d00000|  0%| F|  |TAMS 0x00000000a3c00000, 0x00000000a3c00000| Untracked 
|  39|0x00000000a3d00000, 0x00000000a3d00000, 0x00000000a3e00000|  0%| F|  |TAMS 0x00000000a3d00000, 0x00000000a3d00000| Untracked 
|  40|0x00000000a3e00000, 0x00000000a3e00000, 0x00000000a3f00000|  0%| F|  |TAMS 0x00000000a3e00000, 0x00000000a3e00000| Untracked 
|  41|0x00000000a3f00000, 0x00000000a3f00000, 0x00000000a4000000|  0%| F|  |TAMS 0x00000000a3f00000, 0x00000000a3f00000| Untracked 
|  42|0x00000000a4000000, 0x00000000a4000000, 0x00000000a4100000|  0%| F|  |TAMS 0x00000000a4000000, 0x00000000a4000000| Untracked 
|  43|0x00000000a4100000, 0x00000000a4100000, 0x00000000a4200000|  0%| F|  |TAMS 0x00000000a4100000, 0x00000000a4100000| Untracked 
|  44|0x00000000a4200000, 0x00000000a4200000, 0x00000000a4300000|  0%| F|  |TAMS 0x00000000a4200000, 0x00000000a4200000| Untracked 
|  45|0x00000000a4300000, 0x00000000a4300000, 0x00000000a4400000|  0%| F|  |TAMS 0x00000000a4300000, 0x00000000a4300000| Untracked 
|  46|0x00000000a4400000, 0x00000000a4400000, 0x00000000a4500000|  0%| F|  |TAMS 0x00000000a4400000, 0x00000000a4400000| Untracked 
|  47|0x00000000a4500000, 0x00000000a4500000, 0x00000000a4600000|  0%| F|  |TAMS 0x00000000a4500000, 0x00000000a4500000| Untracked 
|  48|0x00000000a4600000, 0x00000000a4600000, 0x00000000a4700000|  0%| F|  |TAMS 0x00000000a4600000, 0x00000000a4600000| Untracked 
|  49|0x00000000a4700000, 0x00000000a4700000, 0x00000000a4800000|  0%| F|  |TAMS 0x00000000a4700000, 0x00000000a4700000| Untracked 
|  50|0x00000000a4800000, 0x00000000a4800000, 0x00000000a4900000|  0%| F|  |TAMS 0x00000000a4800000, 0x00000000a4800000| Untracked 
|  51|0x00000000a4900000, 0x00000000a4900000, 0x00000000a4a00000|  0%| F|  |TAMS 0x00000000a4900000, 0x00000000a4900000| Untracked 
|  52|0x00000000a4a00000, 0x00000000a4a00000, 0x00000000a4b00000|  0%| F|  |TAMS 0x00000000a4a00000, 0x00000000a4a00000| Untracked 
|  53|0x00000000a4b00000, 0x00000000a4b00000, 0x00000000a4c00000|  0%| F|  |TAMS 0x00000000a4b00000, 0x00000000a4b00000| Untracked 
|  54|0x00000000a4c00000, 0x00000000a4c00000, 0x00000000a4d00000|  0%| F|  |TAMS 0x00000000a4c00000, 0x00000000a4c00000| Untracked 
|  55|0x00000000a4d00000, 0x00000000a4d00000, 0x00000000a4e00000|  0%| F|  |TAMS 0x00000000a4d00000, 0x00000000a4d00000| Untracked 
|  56|0x00000000a4e00000, 0x00000000a4e00000, 0x00000000a4f00000|  0%| F|  |TAMS 0x00000000a4e00000, 0x00000000a4e00000| Untracked 
|  57|0x00000000a4f00000, 0x00000000a4f00000, 0x00000000a5000000|  0%| F|  |TAMS 0x00000000a4f00000, 0x00000000a4f00000| Untracked 
|  58|0x00000000a5000000, 0x00000000a5000000, 0x00000000a5100000|  0%| F|  |TAMS 0x00000000a5000000, 0x00000000a5000000| Untracked 
|  59|0x00000000a5100000, 0x00000000a5100000, 0x00000000a5200000|  0%| F|  |TAMS 0x00000000a5100000, 0x00000000a5100000| Untracked 
|  60|0x00000000a5200000, 0x00000000a5200000, 0x00000000a5300000|  0%| F|  |TAMS 0x00000000a5200000, 0x00000000a5200000| Untracked 
|  61|0x00000000a5300000, 0x00000000a5300000, 0x00000000a5400000|  0%| F|  |TAMS 0x00000000a5300000, 0x00000000a5300000| Untracked 
|  62|0x00000000a5400000, 0x00000000a5400000, 0x00000000a5500000|  0%| F|  |TAMS 0x00000000a5400000, 0x00000000a5400000| Untracked 
|  63|0x00000000a5500000, 0x00000000a5500000, 0x00000000a5600000|  0%| F|  |TAMS 0x00000000a5500000, 0x00000000a5500000| Untracked 
|  64|0x00000000a5600000, 0x00000000a5600000, 0x00000000a5700000|  0%| F|  |TAMS 0x00000000a5600000, 0x00000000a5600000| Untracked 
|  65|0x00000000a5700000, 0x00000000a5700000, 0x00000000a5800000|  0%| F|  |TAMS 0x00000000a5700000, 0x00000000a5700000| Untracked 
|  66|0x00000000a5800000, 0x00000000a5800000, 0x00000000a5900000|  0%| F|  |TAMS 0x00000000a5800000, 0x00000000a5800000| Untracked 
|  67|0x00000000a5900000, 0x00000000a5900000, 0x00000000a5a00000|  0%| F|  |TAMS 0x00000000a5900000, 0x00000000a5900000| Untracked 
|  68|0x00000000a5a00000, 0x00000000a5a00000, 0x00000000a5b00000|  0%| F|  |TAMS 0x00000000a5a00000, 0x00000000a5a00000| Untracked 
|  69|0x00000000a5b00000, 0x00000000a5b00000, 0x00000000a5c00000|  0%| F|  |TAMS 0x00000000a5b00000, 0x00000000a5b00000| Untracked 
|  70|0x00000000a5c00000, 0x00000000a5d00000, 0x00000000a5d00000|100%| S|CS|TAMS 0x00000000a5c00000, 0x00000000a5c00000| Complete 
|  71|0x00000000a5d00000, 0x00000000a5e00000, 0x00000000a5e00000|100%| S|CS|TAMS 0x00000000a5d00000, 0x00000000a5d00000| Complete 
|  72|0x00000000a5e00000, 0x00000000a5f00000, 0x00000000a5f00000|100%| S|CS|TAMS 0x00000000a5e00000, 0x00000000a5e00000| Complete 
|  73|0x00000000a5f00000, 0x00000000a5f00000, 0x00000000a6000000|  0%| F|  |TAMS 0x00000000a5f00000, 0x00000000a5f00000| Untracked 
|  74|0x00000000a6000000, 0x00000000a6000000, 0x00000000a6100000|  0%| F|  |TAMS 0x00000000a6000000, 0x00000000a6000000| Untracked 
|  75|0x00000000a6100000, 0x00000000a6100000, 0x00000000a6200000|  0%| F|  |TAMS 0x00000000a6100000, 0x00000000a6100000| Untracked 
|  76|0x00000000a6200000, 0x00000000a6200000, 0x00000000a6300000|  0%| F|  |TAMS 0x00000000a6200000, 0x00000000a6200000| Untracked 
|  77|0x00000000a6300000, 0x00000000a6300000, 0x00000000a6400000|  0%| F|  |TAMS 0x00000000a6300000, 0x00000000a6300000| Untracked 
|  78|0x00000000a6400000, 0x00000000a6400000, 0x00000000a6500000|  0%| F|  |TAMS 0x00000000a6400000, 0x00000000a6400000| Untracked 
|  79|0x00000000a6500000, 0x00000000a6500000, 0x00000000a6600000|  0%| F|  |TAMS 0x00000000a6500000, 0x00000000a6500000| Untracked 
|  80|0x00000000a6600000, 0x00000000a6600000, 0x00000000a6700000|  0%| F|  |TAMS 0x00000000a6600000, 0x00000000a6600000| Untracked 
|  81|0x00000000a6700000, 0x00000000a6700000, 0x00000000a6800000|  0%| F|  |TAMS 0x00000000a6700000, 0x00000000a6700000| Untracked 
|  82|0x00000000a6800000, 0x00000000a6800000, 0x00000000a6900000|  0%| F|  |TAMS 0x00000000a6800000, 0x00000000a6800000| Untracked 
|  83|0x00000000a6900000, 0x00000000a6900000, 0x00000000a6a00000|  0%| F|  |TAMS 0x00000000a6900000, 0x00000000a6900000| Untracked 
|  84|0x00000000a6a00000, 0x00000000a6a00000, 0x00000000a6b00000|  0%| F|  |TAMS 0x00000000a6a00000, 0x00000000a6a00000| Untracked 
|  85|0x00000000a6b00000, 0x00000000a6b00000, 0x00000000a6c00000|  0%| F|  |TAMS 0x00000000a6b00000, 0x00000000a6b00000| Untracked 
|  86|0x00000000a6c00000, 0x00000000a6c00000, 0x00000000a6d00000|  0%| F|  |TAMS 0x00000000a6c00000, 0x00000000a6c00000| Untracked 
|  87|0x00000000a6d00000, 0x00000000a6d00000, 0x00000000a6e00000|  0%| F|  |TAMS 0x00000000a6d00000, 0x00000000a6d00000| Untracked 
|  88|0x00000000a6e00000, 0x00000000a6e00000, 0x00000000a6f00000|  0%| F|  |TAMS 0x00000000a6e00000, 0x00000000a6e00000| Untracked 
|  89|0x00000000a6f00000, 0x00000000a6f00000, 0x00000000a7000000|  0%| F|  |TAMS 0x00000000a6f00000, 0x00000000a6f00000| Untracked 
|  90|0x00000000a7000000, 0x00000000a7000000, 0x00000000a7100000|  0%| F|  |TAMS 0x00000000a7000000, 0x00000000a7000000| Untracked 
|  91|0x00000000a7100000, 0x00000000a7100000, 0x00000000a7200000|  0%| F|  |TAMS 0x00000000a7100000, 0x00000000a7100000| Untracked 
|  92|0x00000000a7200000, 0x00000000a7200000, 0x00000000a7300000|  0%| F|  |TAMS 0x00000000a7200000, 0x00000000a7200000| Untracked 
|  93|0x00000000a7300000, 0x00000000a7300000, 0x00000000a7400000|  0%| F|  |TAMS 0x00000000a7300000, 0x00000000a7300000| Untracked 
|  94|0x00000000a7400000, 0x00000000a742c650, 0x00000000a7500000| 17%| E|  |TAMS 0x00000000a7400000, 0x00000000a7400000| Complete 
|  95|0x00000000a7500000, 0x00000000a7600000, 0x00000000a7600000|100%| E|CS|TAMS 0x00000000a7500000, 0x00000000a7500000| Complete 

Card table byte_map: [0x0000018450120000,0x0000018450420000] _byte_map_base: 0x000001844fc15000

Marking Bits (Prev, Next): (CMBitMap*) 0x0000018443293150, (CMBitMap*) 0x0000018443293190
 Prev Bits: [0x0000018450720000, 0x0000018451ec8000)
 Next Bits: [0x0000018451ed0000, 0x0000018453678000)

Polling page: 0x000001844c520000

Metaspace:

Usage:
  Non-class:      6.68 MB used.
      Class:    996.55 KB used.
       Both:      7.65 MB used.

Virtual space:
  Non-class space:       64.00 MB reserved,       6.75 MB ( 11%) committed,  1 nodes.
      Class space:        1.00 GB reserved,       1.12 MB ( <1%) committed,  1 nodes.
             Both:        1.06 GB reserved,       7.88 MB ( <1%) committed. 

Chunk freelists:
   Non-Class:  8.98 MB
       Class:  14.92 MB
        Both:  23.91 MB

MaxMetaspaceSize: unlimited
CompressedClassSpaceSize: 1.00 GB
Initial GC threshold: 21.00 MB
Current GC threshold: 21.00 MB
CDS: on
MetaspaceReclaimPolicy: balanced
 - commit_granule_bytes: 65536.
 - commit_granule_words: 8192.
 - virtual_space_node_default_size: 8388608.
 - enlarge_chunks_in_place: 1.
 - new_chunks_are_fully_committed: 0.
 - uncommit_free_chunks: 1.
 - use_allocation_guard: 0.
 - handle_deallocations: 1.


Internal statistics:

num_allocs_failed_limit: 0.
num_arena_births: 196.
num_arena_deaths: 0.
num_vsnodes_births: 2.
num_vsnodes_deaths: 0.
num_space_committed: 126.
num_space_uncommitted: 0.
num_chunks_returned_to_freelist: 0.
num_chunks_taken_from_freelist: 357.
num_chunk_merges: 0.
num_chunk_splits: 208.
num_chunks_enlarged: 121.
num_inconsistent_stats: 0.

CodeCache: size=49152Kb used=3566Kb max_used=3566Kb free=45585Kb
 bounds [0x000001844c540000, 0x000001844c8c0000, 0x000001844f540000]
 total_blobs=1771 nmethods=1314 adapters=384
 compilation: enabled
              stopped_count=0, restarted_count=0
 full_count=0

Compilation events (20 events):
Event: 1.548 Thread 0x00000184563270a0 1295       1       java.lang.Module::isStaticallyExportedOrOpen (70 bytes)
Event: 1.548 Thread 0x00000184563270a0 nmethod 1295 0x000001844c8b5790 code [0x000001844c8b5960, 0x000001844c8b5c38]
Event: 1.565 Thread 0x000001845610fc40 1298       1       java.lang.ref.Reference::enqueueFromPending (19 bytes)
Event: 1.565 Thread 0x00000184563270a0 1299   !   1       java.lang.ref.ReferenceQueue::enqueue (119 bytes)
Event: 1.566 Thread 0x000001845610fc40 nmethod 1298 0x000001844c8b6990 code [0x000001844c8b6b20, 0x000001844c8b6c28]
Event: 1.566 Thread 0x00000184563270a0 nmethod 1299 0x000001844c8b6c90 code [0x000001844c8b6e60, 0x000001844c8b72a8]
Event: 1.567 Thread 0x00000184563270a0 1301       1       java.lang.ref.ReferenceQueue::reallyPoll (65 bytes)
Event: 1.568 Thread 0x00000184563270a0 nmethod 1301 0x000001844c8b7410 code [0x000001844c8b75c0, 0x000001844c8b78b8]
Event: 1.583 Thread 0x000001845610fc40 1302   !   1       jdk.internal.loader.BuiltinClassLoader::findClassOnClassPathOrNull (64 bytes)
Event: 1.585 Thread 0x000001845610fc40 nmethod 1302 0x000001844c8b7990 code [0x000001844c8b7c20, 0x000001844c8b8378]
Event: 1.585 Thread 0x000001845610fc40 1303       1       java.lang.invoke.BoundMethodHandle::rebind (14 bytes)
Event: 1.585 Thread 0x00000184563270a0 1304       1       java.lang.invoke.BoundMethodHandle::tooComplex (27 bytes)
Event: 1.585 Thread 0x00000184563270a0 nmethod 1304 0x000001844c8b8810 code [0x000001844c8b89c0, 0x000001844c8b8b38]
Event: 1.585 Thread 0x00000184563270a0 1307       1       java.lang.reflect.Constructor::setConstructorAccessor (21 bytes)
Event: 1.585 Thread 0x000001845610fc40 nmethod 1303 0x000001844c8b8c90 code [0x000001844c8b8e80, 0x000001844c8b9188]
Event: 1.585 Thread 0x000001845610fc40 1305       1       java.lang.invoke.BoundMethodHandle::fieldCount (8 bytes)
Event: 1.586 Thread 0x000001845610fc40 nmethod 1305 0x000001844c8b9390 code [0x000001844c8b9540, 0x000001844c8b9658]
Event: 1.586 Thread 0x00000184563270a0 nmethod 1307 0x000001844c8b9710 code [0x000001844c8b98c0, 0x000001844c8b9a88]
Event: 1.586 Thread 0x000001845610fc40 1306       1       java.lang.invoke.LambdaForm::expressionCount (11 bytes)
Event: 1.586 Thread 0x000001845610fc40 nmethod 1306 0x000001844c8b9b90 code [0x000001844c8b9d20, 0x000001844c8b9df8]

GC Heap History (2 events):
Event: 1.549 GC heap before
{Heap before GC invocations=0 (full 0):
 garbage-first heap   total 98304K, used 23552K [0x00000000a1600000, 0x0000000100000000)
  region size 1024K, 23 young (23552K), 0 survivors (0K)
 Metaspace       used 7706K, committed 7936K, reserved 1114112K
  class space    used 981K, committed 1088K, reserved 1048576K
}
Event: 1.565 GC heap after
{Heap after GC invocations=1 (full 0):
 garbage-first heap   total 98304K, used 7776K [0x00000000a1600000, 0x0000000100000000)
  region size 1024K, 3 young (3072K), 3 survivors (3072K)
 Metaspace       used 7706K, committed 7936K, reserved 1114112K
  class space    used 981K, committed 1088K, reserved 1048576K
}

Dll operation events (11 events):
Event: 0.033 Loaded shared library C:\Users\ruzul\.jdks\corretto-17.0.14\bin\java.dll
Event: 0.066 Loaded shared library C:\Users\ruzul\.jdks\corretto-17.0.14\bin\jsvml.dll
Event: 0.267 Loaded shared library C:\Users\ruzul\.jdks\corretto-17.0.14\bin\zip.dll
Event: 0.271 Loaded shared library C:\Users\ruzul\.jdks\corretto-17.0.14\bin\instrument.dll
Event: 0.279 Loaded shared library C:\Users\ruzul\.jdks\corretto-17.0.14\bin\net.dll
Event: 0.282 Loaded shared library C:\Users\ruzul\.jdks\corretto-17.0.14\bin\nio.dll
Event: 0.286 Loaded shared library C:\Users\ruzul\.jdks\corretto-17.0.14\bin\zip.dll
Event: 0.423 Loaded shared library C:\Users\ruzul\.jdks\corretto-17.0.14\bin\jimage.dll
Event: 0.466 Loaded shared library C:\Users\ruzul\.jdks\corretto-17.0.14\bin\extnet.dll
Event: 0.483 Loaded shared library C:\Users\ruzul\.jdks\corretto-17.0.14\bin\management.dll
Event: 0.518 Loaded shared library C:\Users\ruzul\.jdks\corretto-17.0.14\bin\management_ext.dll

Deoptimization events (0 events):
No events

Classes loaded (20 events):
Event: 1.470 Loading class java/lang/StackStreamFactory$1
Event: 1.470 Loading class java/lang/StackStreamFactory$1 done
Event: 1.470 Loading class java/lang/StackStreamFactory$StackFrameTraverser$StackFrameBuffer
Event: 1.470 Loading class java/lang/StackStreamFactory$FrameBuffer
Event: 1.471 Loading class java/lang/StackStreamFactory$FrameBuffer done
Event: 1.471 Loading class java/lang/StackStreamFactory$StackFrameTraverser$StackFrameBuffer done
Event: 1.479 Loading class java/util/concurrent/RejectedExecutionException
Event: 1.479 Loading class java/util/concurrent/RejectedExecutionException done
Event: 1.489 Loading class java/lang/invoke/MethodHandle$1
Event: 1.489 Loading class java/lang/invoke/MethodHandle$1 done
Event: 1.490 Loading class java/util/stream/Nodes$FixedNodeBuilder
Event: 1.490 Loading class java/util/stream/Nodes$ArrayNode
Event: 1.490 Loading class java/util/stream/Nodes$ArrayNode done
Event: 1.490 Loading class java/util/stream/Nodes$FixedNodeBuilder done
Event: 1.584 Loading class java/util/logging/ConsoleHandler
Event: 1.585 Loading class java/util/logging/ConsoleHandler done
Event: 1.585 Loading class java/util/logging/LogManager$CloseOnReset
Event: 1.586 Loading class java/util/logging/LogManager$CloseOnReset done
Event: 1.586 Loading class java/util/MissingResourceException
Event: 1.586 Loading class java/util/MissingResourceException done

Classes unloaded (0 events):
No events

Classes redefined (0 events):
No events

Internal exceptions (20 events):
Event: 0.726 Thread 0x0000018443247b30 Exception <a 'java/lang/NoSuchMethodError'{0x00000000a6bf0c58}: 'int java.lang.invoke.DirectMethodHandle$Holder.invokeSpecialIFC(java.lang.Object, java.lang.Object, java.lang.Object)'> (0x00000000a6bf0c58) 
thrown [s\src\hotspot\share\interpreter\linkResolver.cpp, line 759]
Event: 0.775 Thread 0x0000018443247b30 Exception <a 'java/lang/NoSuchMethodError'{0x00000000a6a672d8}: 'java.lang.Object java.lang.invoke.DirectMethodHandle$Holder.invokeStaticInit(java.lang.Object, int, int, int, int)'> (0x00000000a6a672d8) 
thrown [s\src\hotspot\share\interpreter\linkResolver.cpp, line 759]
Event: 0.924 Thread 0x0000018443247b30 Exception <a 'java/lang/NoSuchMethodError'{0x00000000a6aca230}: 'java.lang.Object java.lang.invoke.DirectMethodHandle$Holder.invokeStaticInit(java.lang.Object, java.lang.Object, int, int, int, int)'> (0x00000000a6aca230) 
thrown [s\src\hotspot\share\interpreter\linkResolver.cpp, line 759]
Event: 0.965 Thread 0x0000018443247b30 Exception <a 'java/lang/ClassNotFoundException'{0x00000000a6ae8348}: javax/management/remote/rmi/RMIServerImpl_Skel> (0x00000000a6ae8348) 
thrown [s\src\hotspot\share\classfile\systemDictionary.cpp, line 256]
Event: 1.119 Thread 0x0000018456320f20 Exception <a 'java/lang/NoSuchMethodError'{0x00000000a68dd640}: static [B.<clinit>()V> (0x00000000a68dd640) 
thrown [s\src\hotspot\share\prims\jni.cpp, line 1112]
Event: 1.151 Thread 0x0000018456320f20 Exception <a 'java/lang/ClassNotFoundException'{0x00000000a6697278}: javax/management/remote/rmi/RMIConnectionImpl_Skel> (0x00000000a6697278) 
thrown [s\src\hotspot\share\classfile\systemDictionary.cpp, line 256]
Event: 1.152 Thread 0x000001845631fae0 Exception <a 'java/lang/NoSuchMethodError'{0x00000000a65177b8}: 'java.lang.Object java.lang.invoke.Invokers$Holder.linkToTargetMethod(java.lang.Object, long, java.lang.Object)'> (0x00000000a65177b8) 
thrown [s\src\hotspot\share\interpreter\linkResolver.cpp, line 759]
Event: 1.180 Thread 0x0000018443247b30 Exception <a 'java/lang/ClassNotFoundException'{0x00000000a6656d38}: javax/smartcardio/CardPermission> (0x00000000a6656d38) 
thrown [s\src\hotspot\share\classfile\systemDictionary.cpp, line 256]
Event: 1.186 Thread 0x0000018443247b30 Exception <a 'java/io/FileNotFoundException'{0x00000000a6665110}> (0x00000000a6665110) 
thrown [s\src\hotspot\share\prims\jni.cpp, line 516]
Event: 1.212 Thread 0x0000018443247b30 Exception <a 'java/lang/NoSuchMethodError'{0x00000000a65afd08}: 'java.lang.Object java.lang.invoke.DirectMethodHandle$Holder.invokeSpecial(java.lang.Object, java.lang.Object, java.lang.Object, long, java.lang.Object)'> (0x00000000a65afd08) 
thrown [s\src\hotspot\share\interpreter\linkResolver.cpp, line 759]
Event: 1.212 Thread 0x0000018443247b30 Exception <a 'java/lang/NoSuchMethodError'{0x00000000a65b38d8}: 'java.lang.Object java.lang.invoke.Invokers$Holder.linkToTargetMethod(java.lang.Object, long, java.lang.Object, java.lang.Object)'> (0x00000000a65b38d8) 
thrown [s\src\hotspot\share\interpreter\linkResolver.cpp, line 759]
Event: 1.307 Thread 0x0000018443247b30 Exception <a 'java/lang/NoSuchMethodError'{0x00000000a6334138}: 'void java.lang.invoke.DirectMethodHandle$Holder.invokeStatic(java.lang.Object, java.lang.Object, java.lang.Object, java.lang.Object)'> (0x00000000a6334138) 
thrown [s\src\hotspot\share\interpreter\linkResolver.cpp, line 759]
Event: 1.363 Thread 0x0000018443247b30 Exception <a 'java/lang/NoSuchMethodError'{0x00000000a6246498}: 'int java.lang.invoke.DirectMethodHandle$Holder.invokeStaticInit(java.lang.Object, java.lang.Object)'> (0x00000000a6246498) 
thrown [s\src\hotspot\share\interpreter\linkResolver.cpp, line 759]
Event: 1.384 Thread 0x0000018443247b30 Exception <a 'java/lang/NoSuchMethodError'{0x00000000a6287c20}: 'void java.lang.invoke.DirectMethodHandle$Holder.invokeInterface(java.lang.Object, java.lang.Object, java.lang.Object, java.lang.Object)'> (0x00000000a6287c20) 
thrown [s\src\hotspot\share\interpreter\linkResolver.cpp, line 759]
Event: 1.472 Thread 0x0000018443247b30 Exception <a 'java/lang/NoSuchMethodError'{0x00000000a601ea00}: 'java.lang.Object java.lang.invoke.DirectMethodHandle$Holder.invokeInterface(java.lang.Object, java.lang.Object)'> (0x00000000a601ea00) 
thrown [s\src\hotspot\share\interpreter\linkResolver.cpp, line 759]
Event: 1.483 Thread 0x0000018443247b30 Exception <a 'java/lang/NoSuchMethodError'{0x00000000a60696f8}: 'java.lang.Object java.lang.invoke.DirectMethodHandle$Holder.invokeSpecialIFC(java.lang.Object, java.lang.Object, java.lang.Object, java.lang.Object)'> (0x00000000a60696f8) 
thrown [s\src\hotspot\share\interpreter\linkResolver.cpp, line 759]
Event: 1.488 Thread 0x0000018443247b30 Exception <a 'java/lang/NoSuchMethodError'{0x00000000a60878e8}: 'java.lang.Object java.lang.invoke.DirectMethodHandle$Holder.invokeInterface(java.lang.Object, java.lang.Object, java.lang.Object)'> (0x00000000a60878e8) 
thrown [s\src\hotspot\share\interpreter\linkResolver.cpp, line 759]
Event: 1.522 Thread 0x0000018443247b30 Exception <a 'java/lang/NoSuchMethodError'{0x00000000a5f55330}: 'int java.lang.invoke.DirectMethodHandle$Holder.invokeStaticInit(java.lang.Object, java.lang.Object, java.lang.Object)'> (0x00000000a5f55330) 
thrown [s\src\hotspot\share\interpreter\linkResolver.cpp, line 759]
Event: 1.540 Thread 0x0000018443247b30 Exception <a 'java/lang/NoSuchMethodError'{0x00000000a5fb0ca8}: 'java.lang.Object java.lang.invoke.DirectMethodHandle$Holder.newInvokeSpecial(java.lang.Object, java.lang.Object, java.lang.Object, java.lang.Object, java.lang.Object)'> (0x00000000a5fb0ca8) 
thrown [s\src\hotspot\share\interpreter\linkResolver.cpp, line 759]
Event: 1.568 Thread 0x0000018443247b30 Exception <a 'java/lang/NoSuchMethodError'{0x00000000a7508120}: 'java.lang.Object java.lang.invoke.DirectMethodHandle$Holder.invokeStaticInit(java.lang.Object, java.lang.Object, java.lang.Object)'> (0x00000000a7508120) 
thrown [s\src\hotspot\share\interpreter\linkResolver.cpp, line 759]

VM Operations (18 events):
Event: 0.244 Executing VM operation: HandshakeAllThreads
Event: 0.244 Executing VM operation: HandshakeAllThreads done
Event: 0.445 Executing VM operation: HandshakeAllThreads
Event: 0.445 Executing VM operation: HandshakeAllThreads done
Event: 0.756 Executing VM operation: HandshakeAllThreads
Event: 0.756 Executing VM operation: HandshakeAllThreads done
Event: 1.001 Executing VM operation: HandshakeAllThreads
Event: 1.001 Executing VM operation: HandshakeAllThreads done
Event: 1.102 Executing VM operation: HandshakeAllThreads
Event: 1.102 Executing VM operation: HandshakeAllThreads done
Event: 1.102 Executing VM operation: Cleanup
Event: 1.102 Executing VM operation: Cleanup done
Event: 1.115 Executing VM operation: HandshakeAllThreads
Event: 1.116 Executing VM operation: HandshakeAllThreads done
Event: 1.149 Executing VM operation: HandshakeAllThreads
Event: 1.149 Executing VM operation: HandshakeAllThreads done
Event: 1.549 Executing VM operation: G1CollectForAllocation
Event: 1.565 Executing VM operation: G1CollectForAllocation done

Memory protections (0 events):
No events

Nmethod flushes (0 events):
No events

Events (17 events):
Event: 0.067 Thread 0x0000018443247b30 Thread added: 0x0000018443247b30
Event: 0.072 Thread 0x0000018443247b30 Thread added: 0x00000184560f55d0
Event: 0.072 Thread 0x0000018443247b30 Thread added: 0x00000184560f6450
Event: 0.088 Thread 0x0000018443247b30 Thread added: 0x0000018456107270
Event: 0.089 Thread 0x0000018443247b30 Thread added: 0x000001845610a000
Event: 0.089 Thread 0x0000018443247b30 Thread added: 0x000001845610a9c0
Event: 0.089 Thread 0x0000018443247b30 Thread added: 0x000001845610c1b0
Event: 0.089 Thread 0x0000018443247b30 Thread added: 0x000001845610fc40
Event: 0.089 Thread 0x0000018443247b30 Thread added: 0x0000018456110640
Event: 0.230 Thread 0x0000018443247b30 Thread added: 0x000001845631f5d0
Event: 0.245 Thread 0x000001845610fc40 Thread added: 0x00000184563270a0
Event: 0.441 Thread 0x0000018443247b30 Thread added: 0x0000018456321430
Event: 0.441 Thread 0x0000018443247b30 Thread added: 0x0000018456322870
Event: 0.979 Thread 0x0000018443247b30 Thread added: 0x0000018456320500
Event: 1.063 Thread 0x0000018456320500 Thread added: 0x0000018456320f20
Event: 1.117 Thread 0x0000018456320f20 Thread added: 0x0000018456320a10
Event: 1.146 Thread 0x0000018456320f20 Thread added: 0x000001845631fae0


Dynamic libraries:
0x00007ff628200000 - 0x00007ff62820e000 	C:\Users\ruzul\.jdks\corretto-17.0.14\bin\java.exe
0x00007ff895390000 - 0x00007ff8955a7000 	C:\WINDOWS\SYSTEM32\ntdll.dll
0x00007ff893660000 - 0x00007ff893724000 	C:\WINDOWS\System32\KERNEL32.DLL
0x00007ff892b10000 - 0x00007ff892ee2000 	C:\WINDOWS\System32\KERNELBASE.dll
0x00007ff892690000 - 0x00007ff8927a1000 	C:\WINDOWS\System32\ucrtbase.dll
0x00007ff88f610000 - 0x00007ff88f627000 	C:\Users\ruzul\.jdks\corretto-17.0.14\bin\jli.dll
0x00007ff88f5a0000 - 0x00007ff88f5bb000 	C:\Users\ruzul\.jdks\corretto-17.0.14\bin\VCRUNTIME140.dll
0x00007ff894c50000 - 0x00007ff894e01000 	C:\WINDOWS\System32\USER32.dll
0x00007ff8927b0000 - 0x00007ff8927d6000 	C:\WINDOWS\System32\win32u.dll
0x00007ff87b840000 - 0x00007ff87badb000 	C:\WINDOWS\WinSxS\amd64_microsoft.windows.common-controls_6595b64144ccf1df_6.0.22621.5413_none_270da5617387a498\COMCTL32.dll
0x00007ff8948d0000 - 0x00007ff8948f9000 	C:\WINDOWS\System32\GDI32.dll
0x00007ff894980000 - 0x00007ff894a27000 	C:\WINDOWS\System32\msvcrt.dll
0x00007ff892ef0000 - 0x00007ff893013000 	C:\WINDOWS\System32\gdi32full.dll
0x00007ff892480000 - 0x00007ff89251a000 	C:\WINDOWS\System32\msvcp_win.dll
0x00007ff893180000 - 0x00007ff8931b1000 	C:\WINDOWS\System32\IMM32.DLL
0x00007ff88f600000 - 0x00007ff88f60c000 	C:\Users\ruzul\.jdks\corretto-17.0.14\bin\vcruntime140_1.dll
0x00007ff881f00000 - 0x00007ff881f8d000 	C:\Users\ruzul\.jdks\corretto-17.0.14\bin\msvcp140.dll
0x00007ff848910000 - 0x00007ff84957c000 	C:\Users\ruzul\.jdks\corretto-17.0.14\bin\server\jvm.dll
0x00007ff894a50000 - 0x00007ff894b01000 	C:\WINDOWS\System32\ADVAPI32.dll
0x00007ff894b20000 - 0x00007ff894bc8000 	C:\WINDOWS\System32\sechost.dll
0x00007ff892a20000 - 0x00007ff892a48000 	C:\WINDOWS\System32\bcrypt.dll
0x00007ff893ce0000 - 0x00007ff893df4000 	C:\WINDOWS\System32\RPCRT4.dll
0x00007ff894bd0000 - 0x00007ff894c41000 	C:\WINDOWS\System32\WS2_32.dll
0x00007ff88a100000 - 0x00007ff88a134000 	C:\WINDOWS\SYSTEM32\WINMM.dll
0x00007ff892350000 - 0x00007ff89239d000 	C:\WINDOWS\SYSTEM32\POWRPROF.dll
0x00007ff887e00000 - 0x00007ff887e0a000 	C:\WINDOWS\SYSTEM32\VERSION.dll
0x00007ff892330000 - 0x00007ff892343000 	C:\WINDOWS\SYSTEM32\UMPDC.dll
0x00007ff891480000 - 0x00007ff891498000 	C:\WINDOWS\SYSTEM32\kernel.appcore.dll
0x00007ff88d8b0000 - 0x00007ff88d8ba000 	C:\Users\ruzul\.jdks\corretto-17.0.14\bin\jimage.dll
0x00007ff8886b0000 - 0x00007ff8888e2000 	C:\WINDOWS\SYSTEM32\DBGHELP.DLL
0x00007ff894e10000 - 0x00007ff8951a3000 	C:\WINDOWS\System32\combase.dll
0x00007ff893c00000 - 0x00007ff893cd7000 	C:\WINDOWS\System32\OLEAUT32.dll
0x00007ff876180000 - 0x00007ff8761b2000 	C:\WINDOWS\SYSTEM32\dbgcore.DLL
0x00007ff8927e0000 - 0x00007ff89285b000 	C:\WINDOWS\System32\bcryptPrimitives.dll
0x00007ff88d810000 - 0x00007ff88d81e000 	C:\Users\ruzul\.jdks\corretto-17.0.14\bin\instrument.dll
0x00007ff88a410000 - 0x00007ff88a435000 	C:\Users\ruzul\.jdks\corretto-17.0.14\bin\java.dll
0x00007ff86bec0000 - 0x00007ff86bf97000 	C:\Users\ruzul\.jdks\corretto-17.0.14\bin\jsvml.dll
0x00007ff893f10000 - 0x00007ff8947b2000 	C:\WINDOWS\System32\SHELL32.dll
0x00007ff8928e0000 - 0x00007ff892a1f000 	C:\WINDOWS\System32\wintypes.dll
0x00007ff890360000 - 0x00007ff890c7d000 	C:\WINDOWS\SYSTEM32\windows.storage.dll
0x00007ff8947c0000 - 0x00007ff8948cb000 	C:\WINDOWS\System32\SHCORE.dll
0x00007ff894910000 - 0x00007ff894979000 	C:\WINDOWS\System32\shlwapi.dll
0x00007ff8923b0000 - 0x00007ff8923db000 	C:\WINDOWS\SYSTEM32\profapi.dll
0x00007ff88a3a0000 - 0x00007ff88a3b8000 	C:\Users\ruzul\.jdks\corretto-17.0.14\bin\zip.dll
0x00007ff88a380000 - 0x00007ff88a399000 	C:\Users\ruzul\.jdks\corretto-17.0.14\bin\net.dll
0x00007ff889ca0000 - 0x00007ff889dcc000 	C:\WINDOWS\SYSTEM32\WINHTTP.dll
0x00007ff891930000 - 0x00007ff891999000 	C:\WINDOWS\system32\mswsock.dll
0x00007ff883eb0000 - 0x00007ff883ec6000 	C:\Users\ruzul\.jdks\corretto-17.0.14\bin\nio.dll
0x00007ff890f50000 - 0x00007ff891048000 	C:\WINDOWS\SYSTEM32\DNSAPI.dll
0x00007ff890ee0000 - 0x00007ff890f0d000 	C:\WINDOWS\SYSTEM32\IPHLPAPI.DLL
0x00007ff894900000 - 0x00007ff894909000 	C:\WINDOWS\System32\NSI.dll
0x00007ff88d800000 - 0x00007ff88d809000 	C:\Users\ruzul\.jdks\corretto-17.0.14\bin\extnet.dll
0x00007ff88a5d0000 - 0x00007ff88a5da000 	C:\Windows\System32\rasadhlp.dll
0x00007ff885d80000 - 0x00007ff885e04000 	C:\WINDOWS\System32\fwpuclnt.dll
0x00007ff88a400000 - 0x00007ff88a409000 	C:\Users\ruzul\.jdks\corretto-17.0.14\bin\management.dll
0x00007ff883ea0000 - 0x00007ff883eab000 	C:\Users\ruzul\.jdks\corretto-17.0.14\bin\management_ext.dll
0x00007ff893390000 - 0x00007ff893398000 	C:\WINDOWS\System32\PSAPI.DLL
0x00007ff891b80000 - 0x00007ff891b9b000 	C:\WINDOWS\SYSTEM32\CRYPTSP.dll
0x00007ff8913e0000 - 0x00007ff891417000 	C:\WINDOWS\system32\rsaenh.dll
0x00007ff891a20000 - 0x00007ff891a48000 	C:\WINDOWS\SYSTEM32\USERENV.dll
0x00007ff891ba0000 - 0x00007ff891bac000 	C:\WINDOWS\SYSTEM32\CRYPTBASE.dll
0x00007ff88a580000 - 0x00007ff88a599000 	C:\WINDOWS\SYSTEM32\dhcpcsvc6.DLL
0x00007ff889b40000 - 0x00007ff889b5f000 	C:\WINDOWS\SYSTEM32\dhcpcsvc.DLL
0x00007ff822f60000 - 0x00007ff822f77000 	C:\WINDOWS\system32\napinsp.dll
0x00007ff822f80000 - 0x00007ff822f9b000 	C:\WINDOWS\system32\pnrpnsp.dll
0x00007ff822fa0000 - 0x00007ff822fb1000 	C:\WINDOWS\System32\winrnr.dll
0x00007ff888bf0000 - 0x00007ff888c0f000 	C:\WINDOWS\system32\wshbth.dll
0x00007ff822fc0000 - 0x00007ff822fe1000 	C:\WINDOWS\system32\nlansp_c.dll
0x00007ff872c60000 - 0x00007ff872cb0000 	C:\WINDOWS\SYSTEM32\pdh.dll

dbghelp: loaded successfully - version: 4.0.5 - missing functions: none
symbol engine: initialized successfully - sym options: 0x614 - pdb path: .;C:\Users\ruzul\.jdks\corretto-17.0.14\bin;C:\WINDOWS\SYSTEM32;C:\WINDOWS\WinSxS\amd64_microsoft.windows.common-controls_6595b64144ccf1df_6.0.22621.5413_none_270da5617387a498;C:\Users\ruzul\.jdks\corretto-17.0.14\bin\server

VM Arguments:
jvm_args: -XX:TieredStopAtLevel=1 -Dspring.output.ansi.enabled=always -Dcom.sun.management.jmxremote -Dspring.jmx.enabled=true -Dspring.liveBeansView.mbeanDomain -Dspring.application.admin.enabled=true -Dmanagement.endpoints.jmx.exposure.include=* -javaagent:C:\Program Files\JetBrains\IntelliJ IDEA 2025.1\lib\idea_rt.jar=51301 -Dfile.encoding=UTF-8 
java_command: com.ecommerce.msauth.MsAuthApplication
java_class_path (initial): C:\Users\ruzul\Desktop\ecommerce-backend\ms-auth\target\classes;C:\Users\ruzul\.m2\repository\org\springframework\boot\spring-boot-starter-data-jpa\3.3.5\spring-boot-starter-data-jpa-3.3.5.jar;C:\Users\ruzul\.m2\repository\org\springframework\boot\spring-boot-starter-aop\3.3.5\spring-boot-starter-aop-3.3.5.jar;C:\Users\ruzul\.m2\repository\org\aspectj\aspectjweaver\1.9.22.1\aspectjweaver-1.9.22.1.jar;C:\Users\ruzul\.m2\repository\org\springframework\boot\spring-boot-starter-jdbc\3.3.5\spring-boot-starter-jdbc-3.3.5.jar;C:\Users\ruzul\.m2\repository\com\zaxxer\HikariCP\5.1.0\HikariCP-5.1.0.jar;C:\Users\ruzul\.m2\repository\org\springframework\spring-jdbc\6.1.14\spring-jdbc-6.1.14.jar;C:\Users\ruzul\.m2\repository\org\hibernate\orm\hibernate-core\6.5.3.Final\hibernate-core-6.5.3.Final.jar;C:\Users\ruzul\.m2\repository\jakarta\persistence\jakarta.persistence-api\3.1.0\jakarta.persistence-api-3.1.0.jar;C:\Users\ruzul\.m2\repository\jakarta\transaction\jakarta.transaction-api\2.0.1\jakarta.transaction-api-2.0.1.jar;C:\Users\ruzul\.m2\repository\org\jboss\logging\jboss-logging\3.5.3.Final\jboss-logging-3.5.3.Final.jar;C:\Users\ruzul\.m2\repository\org\hibernate\common\hibernate-commons-annotations\6.0.6.Final\hibernate-commons-annotations-6.0.6.Final.jar;C:\Users\ruzul\.m2\repository\io\smallrye\jandex\3.1.2\jandex-3.1.2.jar;C:\Users\ruzul\.m2\repository\com\fasterxml\classmate\1.7.0\classmate-1.7.0.jar;C:\Users\ruzul\.m2\repository\net\bytebuddy\byte-buddy\1.14.19\byte-buddy-1.14.19.jar;C:\Users\ruzul\.m2\repository\org\glassfish\jaxb\jaxb-runtime\4.0.5\jaxb-runtime-4.0.5.jar;C:\Users\ruzul\.m2\repository\org\glassfish\jaxb\jaxb-core\4.0.5\jaxb-core-4.0.5.jar;C:\Users\ruzul\.m2\repository\org\eclipse\angus\angus-activation\2.0.2\angus-activation-2.0.2.jar;C:\Users\ruzul\.m2\repository\org\glassfish\jaxb\txw2\4.0.5\txw2-4.0.5.jar;C:\Users\ruzul\.m2\repository\com\sun\istack\istack-commons-runtime\4.1.2\istack-commons-runtime-4.1.2.jar;C:\Users
Launcher Type: SUN_STANDARD

[Global flags]
     intx CICompilerCount                          = 4                                         {product} {ergonomic}
     uint ConcGCThreads                            = 2                                         {product} {ergonomic}
     uint G1ConcRefinementThreads                  = 8                                         {product} {ergonomic}
   size_t G1HeapRegionSize                         = 1048576                                   {product} {ergonomic}
    uintx GCDrainStackTargetSize                   = 64                                        {product} {ergonomic}
   size_t InitialHeapSize                          = 100663296                                 {product} {ergonomic}
     bool ManagementServer                         = true                                      {product} {command line}
   size_t MarkStackSize                            = 4194304                                   {product} {ergonomic}
   size_t MaxHeapSize                              = 1587544064                                {product} {ergonomic}
   size_t MaxNewSize                               = 952107008                                 {product} {ergonomic}
   size_t MinHeapDeltaBytes                        = 1048576                                   {product} {ergonomic}
   size_t MinHeapSize                              = 8388608                                   {product} {ergonomic}
    uintx NonProfiledCodeHeapSize                  = 0                                      {pd product} {ergonomic}
     bool ProfileInterpreter                       = false                                  {pd product} {command line}
    uintx ProfiledCodeHeapSize                     = 0                                      {pd product} {ergonomic}
   size_t SoftMaxHeapSize                          = 1587544064                             {manageable} {ergonomic}
     intx TieredStopAtLevel                        = 1                                         {product} {command line}
     bool UseCompressedClassPointers               = true                           {product lp64_product} {ergonomic}
     bool UseCompressedOops                        = true                           {product lp64_product} {ergonomic}
     bool UseG1GC                                  = true                                      {product} {ergonomic}
     bool UseLargePagesIndividualAllocation        = false                                  {pd product} {ergonomic}

Logging:
Log output configuration:
 #0: stdout all=warning uptime,level,tags
 #1: stderr all=off uptime,level,tags

Environment Variables:
PATH=C:\Program Files\Semeru\jdk-21.0.6.7-openj9\bin;C:\Python312\Scripts\;C:\Python312\;C:\Program Files\Common Files\Oracle\Java\javapath;C:\Program Files\Microsoft MPI\Bin\;C:\WINDOWS\system32;C:\WINDOWS;C:\WINDOWS\System32\Wbem;C:\WINDOWS\System32\WindowsPowerShell\v1.0\;C:\WINDOWS\System32\OpenSSH\;C:\Program Files (x86)\Microsoft SQL Server\160\Tools\Binn\;C:\Program Files\Microsoft SQL Server\160\Tools\Binn\;C:\Program Files\Microsoft SQL Server\Client SDK\ODBC\170\Tools\Binn\;C:\Program Files\Microsoft SQL Server\160\DTS\Binn\;C:\Program Files (x86)\Microsoft SQL Server\160\DTS\Binn\;C:\Program Files\Azure Data Studio\bin;C:\winlibs-x86_64-posix-seh-gcc-12.2.0-llvm-15.0.7-mingw-w64ucrt-10.0.0-r4\mingw64\bin;C:\Program Files (x86)\Java\jre-1.8\bin;C:\Program Files\Git\cmd;C:\ProgramData\chocolatey\bin;C:\Program Files\nodejs\;C:\Program Files\Docker\Docker\resources\bin;C:\Program Files\Amazon\AWSCLIV2\;C:\vault;C:\Users\ruzul\.local\bin;C:\Users\ruzul\AppData\Local\Microsoft\WindowsApps;C:\Users\ruzul\AppData\Local\Programs\Microsoft VS Code\bin;C:\MinGW\bin;C:\TDM-GCC-64\bin;C:\Users\ruzul\AppData\Roaming\npm;C:\Program Files\JetBrains\IntelliJ IDEA Community Edition 2024.3.4\bin;;C:\Program Files\JetBrains\IntelliJ IDEA 2025.1\bin;;
USERNAME=ruzul
OS=Windows_NT
PROCESSOR_IDENTIFIER=AMD64 Family 23 Model 24 Stepping 1, AuthenticAMD
TMP=C:\Users\ruzul\AppData\Local\Temp
TEMP=C:\Users\ruzul\AppData\Local\Temp



Periodic native trim disabled


---------------  S Y S T E M  ---------------

OS:
 Windows 11 , 64 bit Build 22621 (10.0.22621.5413)
OS uptime: 1 days 12:15 hours
Hyper-V role detected

CPU: total 8 (initial active 8) (8 cores per cpu, 2 threads per core) family 23 model 24 stepping 1 microcode 0x0, cx8, cmov, fxsr, ht, mmx, 3dnowpref, sse, sse2, sse3, ssse3, sse4a, sse4.1, sse4.2, popcnt, lzcnt, tsc, tscinvbit, avx, avx2, aes, clmul, bmi1, bmi2, adx, sha, fma, vzeroupper, clflush, clflushopt, hv
Processor Information for all 8 processors :
  Max Mhz: 2300, Current Mhz: 2300, Mhz Limit: 2300

Memory: 4k page, system-wide physical 6055M (582M free)
TotalPageFile size 24487M (AvailPageFile size 179M)
current process WorkingSet (physical memory assigned to process): 82M, peak: 82M
current process commit charge ("private bytes"): 192M, peak: 192M

vm_info: OpenJDK 64-Bit Server VM (17.0.14+7-LTS) for windows-amd64 JRE (17.0.14+7-LTS), built on Jan  7 2025 20:14:24 by "Administrator" with MS VC++ 16.10 / 16.11 (VS2019)

END.
